#
# There is insufficient memory for the Java Runtime Environment to continue.
# Native memory allocation (malloc) failed to allocate 131088 bytes for Chunk::new
# Possible reasons:
#   The system is out of physical RAM or swap space
#   The process is running with CompressedOops enabled, and the Java Heap may be blocking the growth of the native heap
# Possible solutions:
#   Reduce memory load on the system
#   Increase physical memory or swap space
#   Check if swap backing store is full
#   Decrease Java heap size (-Xmx/-Xms)
#   Decrease number of Java threads
#   Decrease Java thread stack sizes (-Xss)
#   Set larger code cache with -XX:ReservedCodeCacheSize=
#   JVM is running with Unscaled Compressed Oops mode in which the Java heap is
#     placed in the first 4GB address space. The Java Heap base address is the
#     maximum limit for the native heap growth. Please use -XX:HeapBaseMinAddress
#     to set the Java Heap base and to place the Java Heap above 4GB virtual address.
# This output file may be truncated or incomplete.
#
#  Out of Memory Error (./src/hotspot/share/memory/arena.cpp:197), pid=2720, tid=7440
#
# JRE version: OpenJDK Runtime Environment (11.0.12+7) (build 11.0.12+7-b1504.28-7817840)
# Java VM: OpenJDK 64-Bit Server VM (11.0.12+7-b1504.28-7817840, mixed mode, tiered, compressed oops, g1 gc, windows-amd64)
# No core dump will be written. Minidumps are not enabled by default on client versions of Windows
#

---------------  S U M M A R Y ------------

Command Line: --add-opens=java.base/java.util=ALL-UNNAMED --add-opens=java.base/java.lang=ALL-UNNAMED --add-opens=java.base/java.lang.invoke=ALL-UNNAMED --add-opens=java.base/java.util=ALL-UNNAMED --add-opens=java.prefs/java.util.prefs=ALL-UNNAMED --add-opens=java.prefs/java.util.prefs=ALL-UNNAMED --add-opens=java.base/java.nio.charset=ALL-UNNAMED --add-opens=java.base/java.net=ALL-UNNAMED --add-opens=java.base/java.util.concurrent.atomic=ALL-UNNAMED -Xmx1536M -Dfile.encoding=windows-1252 -Duser.country=US -Duser.language=en -Duser.variant org.gradle.launcher.daemon.bootstrap.GradleDaemon 7.4

Host: Intel(R) Core(TM) i7-4720HQ CPU @ 2.60GHz, 8 cores, 7G,  Windows 10 , 64 bit Build 19041 (10.0.19041.1806)
Time: Wed Jul 27 15:35:04 2022 Pakistan Standard Time elapsed time: 2389.617939 seconds (0d 0h 39m 49s)

---------------  T H R E A D  ---------------

Current thread (0x000001f2251bb000):  JavaThread "C2 CompilerThread0" daemon [_thread_in_native, id=7440, stack(0x000000c7fd600000,0x000000c7fd700000)]


Current CompileTask:
C2:2389618 12466       4       org.gradle.internal.logging.sink.OutputEventTransformer::onOutput (399 bytes)

Stack: [0x000000c7fd600000,0x000000c7fd700000]
Native frames: (J=compiled Java code, j=interpreted, Vv=VM code, C=native code)
V  [jvm.dll+0x5fbcea]
V  [jvm.dll+0x731905]
V  [jvm.dll+0x732f1d]
V  [jvm.dll+0x7335d3]
V  [jvm.dll+0x247bf8]
V  [jvm.dll+0xc018c]
V  [jvm.dll+0xc06cc]
V  [jvm.dll+0x6281bc]
V  [jvm.dll+0x6285c2]
V  [jvm.dll+0x629dd4]
V  [jvm.dll+0x628a8d]
V  [jvm.dll+0x20147f]
V  [jvm.dll+0x1ff71f]
V  [jvm.dll+0x18868c]
V  [jvm.dll+0x20e0d7]
V  [jvm.dll+0x20c901]
V  [jvm.dll+0x6f9b7f]
V  [jvm.dll+0x6f26a5]
V  [jvm.dll+0x5fabf6]
C  [ucrtbase.dll+0x21bb2]
C  [KERNEL32.DLL+0x17034]
C  [ntdll.dll+0x52651]


---------------  P R O C E S S  ---------------

Threads class SMR info:
_java_thread_list=0x000001f22a55f190, length=135, elements={
0x000001f20b66e000, 0x000001f22482e000, 0x000001f22482f800, 0x000001f2251b5000,
0x000001f2251b6000, 0x000001f2251b7800, 0x000001f2251bb000, 0x000001f22484b800,
0x000001f22484d000, 0x000001f225319800, 0x000001f227075000, 0x000001f227adf800,
0x000001f226c15000, 0x000001f226b08000, 0x000001f226b09000, 0x000001f226b06000,
0x000001f226b03800, 0x000001f226b0a000, 0x000001f2292c2000, 0x000001f2292c5800,
0x000001f2292c7000, 0x000001f2292c3800, 0x000001f2292c3000, 0x000001f2292cc000,
0x000001f2292cc800, 0x000001f229647000, 0x000001f229648000, 0x000001f22aa23000,
0x000001f22aa20000, 0x000001f22963d000, 0x000001f22963e000, 0x000001f22963c800,
0x000001f22963f000, 0x000001f22963f800, 0x000001f229640800, 0x000001f229641800,
0x000001f22963b800, 0x000001f229644000, 0x000001f229642000, 0x000001f229648800,
0x000001f229643000, 0x000001f229649800, 0x000001f229646000, 0x000001f22964a800,
0x000001f229644800, 0x000001f229645800, 0x000001f22aa24000, 0x000001f22aa1e800,
0x000001f22aa25000, 0x000001f22aa22800, 0x000001f22aa1f000, 0x000001f22aa25800,
0x000001f22aa26800, 0x000001f22aa20800, 0x000001f22aa27800, 0x000001f22aa21800,
0x000001f22aa29800, 0x000001f22aa29000, 0x000001f22aa2c000, 0x000001f22aa2d000,
0x000001f22aa2a800, 0x000001f22aa28000, 0x000001f22aa2b800, 0x000001f2292c9800,
0x000001f2292c4800, 0x000001f2292cd800, 0x000001f2292ce800, 0x000001f2292ca000,
0x000001f2292cf000, 0x000001f2292d0000, 0x000001f2292d1000, 0x000001f2292cb000,
0x000001f226b06800, 0x000001f226b05000, 0x000001f226b07800, 0x000001f226b04000,
0x000001f22cb97800, 0x000001f22cb98800, 0x000001f22cb9c000, 0x000001f22cb9f000,
0x000001f22cb9b000, 0x000001f22cb99800, 0x000001f22cb9a000, 0x000001f22cba0000,
0x000001f22cb9c800, 0x000001f22cba0800, 0x000001f22cba1800, 0x000001f22cba2800,
0x000001f22cba3000, 0x000001f22cb9d800, 0x000001f22cba4000, 0x000001f22cb9e000,
0x000001f22cba5000, 0x000001f22cba5800, 0x000001f22cba6800, 0x000001f228994800,
0x000001f228991800, 0x000001f228992000, 0x000001f228995800, 0x000001f228996800,
0x000001f228999000, 0x000001f228993000, 0x000001f228998000, 0x000001f228999800,
0x000001f228994000, 0x000001f22899a800, 0x000001f22899b000, 0x000001f22899c000,
0x000001f22899d000, 0x000001f228997000, 0x000001f22899f800, 0x000001f22899d800,
0x000001f22899e800, 0x000001f2289a0000, 0x000001f22908e000, 0x000001f22908c000,
0x000001f22908b800, 0x000001f22908d000, 0x000001f22908f800, 0x000001f22908e800,
0x000001f229090800, 0x000001f22908a800, 0x000001f229097000, 0x000001f229093000,
0x000001f229091000, 0x000001f229093800, 0x000001f229096000, 0x000001f229097800,
0x000001f229094800, 0x000001f229092000, 0x000001f229098800, 0x000001f229099800,
0x000001f227dea800, 0x000001f227dec000, 0x000001f227ded000
}

Java Threads: ( => current thread )
  0x000001f20b66e000 JavaThread "main" [_thread_blocked, id=5008, stack(0x000000c7fca00000,0x000000c7fcb00000)]
  0x000001f22482e000 JavaThread "Reference Handler" daemon [_thread_blocked, id=6284, stack(0x000000c7fd100000,0x000000c7fd200000)]
  0x000001f22482f800 JavaThread "Finalizer" daemon [_thread_blocked, id=11304, stack(0x000000c7fd200000,0x000000c7fd300000)]
  0x000001f2251b5000 JavaThread "Signal Dispatcher" daemon [_thread_blocked, id=620, stack(0x000000c7fd300000,0x000000c7fd400000)]
  0x000001f2251b6000 JavaThread "Attach Listener" daemon [_thread_blocked, id=11668, stack(0x000000c7fd400000,0x000000c7fd500000)]
  0x000001f2251b7800 JavaThread "Service Thread" daemon [_thread_blocked, id=4868, stack(0x000000c7fd500000,0x000000c7fd600000)]
=>0x000001f2251bb000 JavaThread "C2 CompilerThread0" daemon [_thread_in_native, id=7440, stack(0x000000c7fd600000,0x000000c7fd700000)]
  0x000001f22484b800 JavaThread "C1 CompilerThread0" daemon [_thread_blocked, id=9564, stack(0x000000c7fd700000,0x000000c7fd800000)]
  0x000001f22484d000 JavaThread "Sweeper thread" daemon [_thread_blocked, id=1560, stack(0x000000c7fd800000,0x000000c7fd900000)]
  0x000001f225319800 JavaThread "Common-Cleaner" daemon [_thread_blocked, id=5964, stack(0x000000c7fd900000,0x000000c7fda00000)]
  0x000001f227075000 JavaThread "Daemon health stats" [_thread_blocked, id=10416, stack(0x000000c7fde00000,0x000000c7fdf00000)]
  0x000001f227adf800 JavaThread "Incoming local TCP Connector on port 53725" [_thread_in_native, id=964, stack(0x000000c7fdf00000,0x000000c7fe000000)]
  0x000001f226c15000 JavaThread "Daemon periodic checks" [_thread_blocked, id=5580, stack(0x000000c7fe000000,0x000000c7fe100000)]
  0x000001f226b08000 JavaThread "Cache worker for journal cache (C:\Users\ahmed\.gradle\caches\journal-1)" [_thread_blocked, id=6620, stack(0x000000c7fed00000,0x000000c7fee00000)]
  0x000001f226b09000 JavaThread "File lock request listener" [_thread_in_native, id=9936, stack(0x000000c7fee00000,0x000000c7fef00000)]
  0x000001f226b06000 JavaThread "Cache worker for file hash cache (C:\Users\ahmed\.gradle\caches\7.4\fileHashes)" [_thread_blocked, id=15340, stack(0x000000c7fef00000,0x000000c7ff000000)]
  0x000001f226b03800 JavaThread "File watcher server" daemon [_thread_in_native, id=9600, stack(0x000000c7ff100000,0x000000c7ff200000)]
  0x000001f226b0a000 JavaThread "File watcher consumer" daemon [_thread_blocked, id=7144, stack(0x000000c7ff200000,0x000000c7ff300000)]
  0x000001f2292c2000 JavaThread "Cache worker for execution history cache (C:\Users\ahmed\.gradle\caches\7.4\executionHistory)" [_thread_blocked, id=15652, stack(0x000000c7ff700000,0x000000c7ff800000)]
  0x000001f2292c5800 JavaThread "jar transforms" [_thread_blocked, id=15668, stack(0x000000c7ff800000,0x000000c7ff900000)]
  0x000001f2292c7000 JavaThread "jar transforms Thread 2" [_thread_blocked, id=6504, stack(0x000000c7ff900000,0x000000c7ffa00000)]
  0x000001f2292c3800 JavaThread "Cache worker for file content cache (C:\Users\ahmed\.gradle\caches\7.4\fileContent)" [_thread_blocked, id=8084, stack(0x000000c7ffa00000,0x000000c7ffb00000)]
  0x000001f2292c3000 JavaThread "jar transforms Thread 3" [_thread_blocked, id=7620, stack(0x000000c7ffb00000,0x000000c7ffc00000)]
  0x000001f2292cc000 JavaThread "jar transforms Thread 4" [_thread_blocked, id=9984, stack(0x000000c7ffc00000,0x000000c7ffd00000)]
  0x000001f2292cc800 JavaThread "jar transforms Thread 5" [_thread_blocked, id=3000, stack(0x000000c7ffe00000,0x000000c7fff00000)]
  0x000001f229647000 JavaThread "jar transforms Thread 6" [_thread_blocked, id=2132, stack(0x000000c785000000,0x000000c785100000)]
  0x000001f229648000 JavaThread "jar transforms Thread 7" [_thread_blocked, id=15756, stack(0x000000c785100000,0x000000c785200000)]
  0x000001f22aa23000 JavaThread "jar transforms Thread 8" [_thread_blocked, id=12960, stack(0x000000c785200000,0x000000c785300000)]
  0x000001f22aa20000 JavaThread "Memory manager" [_thread_blocked, id=16148, stack(0x000000c782b00000,0x000000c782c00000)]
  0x000001f22963d000 JavaThread "Daemon Thread 2" [_thread_blocked, id=10116, stack(0x000000c780300000,0x000000c780400000)]
  0x000001f22963e000 JavaThread "Handler for socket connection from /127.0.0.1:53725 to /127.0.0.1:49485" [_thread_in_native, id=15676, stack(0x000000c780400000,0x000000c780500000)]
  0x000001f22963c800 JavaThread "Cancel handler" [_thread_blocked, id=2248, stack(0x000000c780500000,0x000000c780600000)]
  0x000001f22963f000 JavaThread "Daemon worker Thread 2" [_thread_blocked, id=10204, stack(0x000000c780600000,0x000000c780700000)]
  0x000001f22963f800 JavaThread "Asynchronous log dispatcher for DefaultDaemonConnection: socket connection from /127.0.0.1:53725 to /127.0.0.1:49485" [_thread_blocked, id=15232, stack(0x000000c780700000,0x000000c780800000)]
  0x000001f229640800 JavaThread "Stdin handler" [_thread_blocked, id=13208, stack(0x000000c780800000,0x000000c780900000)]
  0x000001f229641800 JavaThread "Daemon client event forwarder" [_thread_blocked, id=6132, stack(0x000000c780900000,0x000000c780a00000)]
  0x000001f22963b800 JavaThread "Cache worker for checksums cache (D:\CYBRNODE\Week 2\Password Manager App\pass_gen_app\android\.gradle\7.4\checksums)" [_thread_blocked, id=6184, stack(0x000000c780a00000,0x000000c780b00000)]
  0x000001f229644000 JavaThread "Cache worker for cache directory md-rule (C:\Users\ahmed\.gradle\caches\7.4\md-rule)" [_thread_blocked, id=5952, stack(0x000000c780b00000,0x000000c780c00000)]
  0x000001f229642000 JavaThread "Cache worker for file hash cache (D:\CYBRNODE\Week 2\Password Manager App\pass_gen_app\android\.gradle\7.4\fileHashes)" [_thread_blocked, id=5480, stack(0x000000c780c00000,0x000000c780d00000)]
  0x000001f229648800 JavaThread "Cache worker for cache directory md-supplier (C:\Users\ahmed\.gradle\caches\7.4\md-supplier)" [_thread_blocked, id=16032, stack(0x000000c780d00000,0x000000c780e00000)]
  0x000001f229643000 JavaThread "Cache worker for dependencies-accessors (D:\CYBRNODE\Week 2\Password Manager App\pass_gen_app\android\.gradle\7.4\dependencies-accessors)" [_thread_blocked, id=1676, stack(0x000000c780e00000,0x000000c780f00000)]
  0x000001f229649800 JavaThread "Cache worker for Build Output Cleanup Cache (D:\CYBRNODE\Week 2\Password Manager App\pass_gen_app\android\.gradle\buildOutputCleanup)" [_thread_blocked, id=15420, stack(0x000000c780f00000,0x000000c781000000)]
  0x000001f229646000 JavaThread "Unconstrained build operations" [_thread_blocked, id=9540, stack(0x000000c781000000,0x000000c781100000)]
  0x000001f22964a800 JavaThread "Unconstrained build operations Thread 2" [_thread_blocked, id=3548, stack(0x000000c781100000,0x000000c781200000)]
  0x000001f229644800 JavaThread "Unconstrained build operations Thread 3" [_thread_blocked, id=13160, stack(0x000000c781200000,0x000000c781300000)]
  0x000001f229645800 JavaThread "Unconstrained build operations Thread 4" [_thread_blocked, id=14668, stack(0x000000c781300000,0x000000c781400000)]
  0x000001f22aa24000 JavaThread "Unconstrained build operations Thread 5" [_thread_blocked, id=15576, stack(0x000000c781400000,0x000000c781500000)]
  0x000001f22aa1e800 JavaThread "Unconstrained build operations Thread 6" [_thread_blocked, id=3364, stack(0x000000c781500000,0x000000c781600000)]
  0x000001f22aa25000 JavaThread "Unconstrained build operations Thread 7" [_thread_blocked, id=6664, stack(0x000000c781600000,0x000000c781700000)]
  0x000001f22aa22800 JavaThread "Unconstrained build operations Thread 8" [_thread_blocked, id=5928, stack(0x000000c781700000,0x000000c781800000)]
  0x000001f22aa1f000 JavaThread "Unconstrained build operations Thread 9" [_thread_blocked, id=3576, stack(0x000000c781800000,0x000000c781900000)]
  0x000001f22aa25800 JavaThread "Unconstrained build operations Thread 10" [_thread_blocked, id=10540, stack(0x000000c781900000,0x000000c781a00000)]
  0x000001f22aa26800 JavaThread "Unconstrained build operations Thread 11" [_thread_blocked, id=7664, stack(0x000000c781a00000,0x000000c781b00000)]
  0x000001f22aa20800 JavaThread "Unconstrained build operations Thread 12" [_thread_blocked, id=6956, stack(0x000000c781b00000,0x000000c781c00000)]
  0x000001f22aa27800 JavaThread "Unconstrained build operations Thread 13" [_thread_blocked, id=8560, stack(0x000000c781c00000,0x000000c781d00000)]
  0x000001f22aa21800 JavaThread "Unconstrained build operations Thread 14" [_thread_blocked, id=10556, stack(0x000000c781d00000,0x000000c781e00000)]
  0x000001f22aa29800 JavaThread "Unconstrained build operations Thread 15" [_thread_blocked, id=7384, stack(0x000000c781e00000,0x000000c781f00000)]
  0x000001f22aa29000 JavaThread "Unconstrained build operations Thread 16" [_thread_blocked, id=13080, stack(0x000000c781f00000,0x000000c782000000)]
  0x000001f22aa2c000 JavaThread "Unconstrained build operations Thread 17" [_thread_blocked, id=612, stack(0x000000c782000000,0x000000c782100000)]
  0x000001f22aa2d000 JavaThread "Unconstrained build operations Thread 18" [_thread_blocked, id=6532, stack(0x000000c782100000,0x000000c782200000)]
  0x000001f22aa2a800 JavaThread "Unconstrained build operations Thread 19" [_thread_blocked, id=7076, stack(0x000000c782200000,0x000000c782300000)]
  0x000001f22aa28000 JavaThread "Unconstrained build operations Thread 20" [_thread_blocked, id=2680, stack(0x000000c782300000,0x000000c782400000)]
  0x000001f22aa2b800 JavaThread "Unconstrained build operations Thread 21" [_thread_blocked, id=9892, stack(0x000000c782400000,0x000000c782500000)]
  0x000001f2292c9800 JavaThread "Unconstrained build operations Thread 22" [_thread_blocked, id=1376, stack(0x000000c782500000,0x000000c782600000)]
  0x000001f2292c4800 JavaThread "Unconstrained build operations Thread 23" [_thread_blocked, id=15464, stack(0x000000c782600000,0x000000c782700000)]
  0x000001f2292cd800 JavaThread "Unconstrained build operations Thread 24" [_thread_blocked, id=11232, stack(0x000000c782700000,0x000000c782800000)]
  0x000001f2292ce800 JavaThread "Unconstrained build operations Thread 25" [_thread_blocked, id=6592, stack(0x000000c782800000,0x000000c782900000)]
  0x000001f2292ca000 JavaThread "Unconstrained build operations Thread 26" [_thread_blocked, id=1208, stack(0x000000c782900000,0x000000c782a00000)]
  0x000001f2292cf000 JavaThread "Unconstrained build operations Thread 27" [_thread_blocked, id=13544, stack(0x000000c782a00000,0x000000c782b00000)]
  0x000001f2292d0000 JavaThread "Unconstrained build operations Thread 28" [_thread_blocked, id=13636, stack(0x000000c782c00000,0x000000c782d00000)]
  0x000001f2292d1000 JavaThread "Unconstrained build operations Thread 29" [_thread_blocked, id=8516, stack(0x000000c782d00000,0x000000c782e00000)]
  0x000001f2292cb000 JavaThread "Unconstrained build operations Thread 30" [_thread_blocked, id=5408, stack(0x000000c782e00000,0x000000c782f00000)]
  0x000001f226b06800 JavaThread "Unconstrained build operations Thread 31" [_thread_blocked, id=4828, stack(0x000000c782f00000,0x000000c783000000)]
  0x000001f226b05000 JavaThread "Unconstrained build operations Thread 32" [_thread_blocked, id=8440, stack(0x000000c783000000,0x000000c783100000)]
  0x000001f226b07800 JavaThread "Unconstrained build operations Thread 33" [_thread_blocked, id=8992, stack(0x000000c783100000,0x000000c783200000)]
  0x000001f226b04000 JavaThread "Unconstrained build operations Thread 34" [_thread_blocked, id=12760, stack(0x000000c783200000,0x000000c783300000)]
  0x000001f22cb97800 JavaThread "Unconstrained build operations Thread 35" [_thread_blocked, id=12812, stack(0x000000c783300000,0x000000c783400000)]
  0x000001f22cb98800 JavaThread "Unconstrained build operations Thread 36" [_thread_blocked, id=16060, stack(0x000000c783400000,0x000000c783500000)]
  0x000001f22cb9c000 JavaThread "Unconstrained build operations Thread 37" [_thread_blocked, id=7800, stack(0x000000c783500000,0x000000c783600000)]
  0x000001f22cb9f000 JavaThread "Unconstrained build operations Thread 38" [_thread_blocked, id=14964, stack(0x000000c783600000,0x000000c783700000)]
  0x000001f22cb9b000 JavaThread "Unconstrained build operations Thread 39" [_thread_blocked, id=12176, stack(0x000000c783700000,0x000000c783800000)]
  0x000001f22cb99800 JavaThread "Unconstrained build operations Thread 40" [_thread_blocked, id=12452, stack(0x000000c783800000,0x000000c783900000)]
  0x000001f22cb9a000 JavaThread "Unconstrained build operations Thread 41" [_thread_blocked, id=5672, stack(0x000000c783900000,0x000000c783a00000)]
  0x000001f22cba0000 JavaThread "Unconstrained build operations Thread 42" [_thread_blocked, id=1164, stack(0x000000c783a00000,0x000000c783b00000)]
  0x000001f22cb9c800 JavaThread "Unconstrained build operations Thread 43" [_thread_blocked, id=16312, stack(0x000000c783b00000,0x000000c783c00000)]
  0x000001f22cba0800 JavaThread "Unconstrained build operations Thread 44" [_thread_blocked, id=2108, stack(0x000000c783c00000,0x000000c783d00000)]
  0x000001f22cba1800 JavaThread "Unconstrained build operations Thread 45" [_thread_blocked, id=12296, stack(0x000000c783d00000,0x000000c783e00000)]
  0x000001f22cba2800 JavaThread "Unconstrained build operations Thread 46" [_thread_blocked, id=14520, stack(0x000000c783e00000,0x000000c783f00000)]
  0x000001f22cba3000 JavaThread "Unconstrained build operations Thread 47" [_thread_blocked, id=12796, stack(0x000000c783f00000,0x000000c784000000)]
  0x000001f22cb9d800 JavaThread "Unconstrained build operations Thread 48" [_thread_blocked, id=16092, stack(0x000000c784000000,0x000000c784100000)]
  0x000001f22cba4000 JavaThread "Unconstrained build operations Thread 49" [_thread_blocked, id=13564, stack(0x000000c784100000,0x000000c784200000)]
  0x000001f22cb9e000 JavaThread "Unconstrained build operations Thread 50" [_thread_blocked, id=15680, stack(0x000000c784200000,0x000000c784300000)]
  0x000001f22cba5000 JavaThread "Unconstrained build operations Thread 51" [_thread_blocked, id=1248, stack(0x000000c784300000,0x000000c784400000)]
  0x000001f22cba5800 JavaThread "Unconstrained build operations Thread 52" [_thread_blocked, id=10292, stack(0x000000c784400000,0x000000c784500000)]
  0x000001f22cba6800 JavaThread "Unconstrained build operations Thread 53" [_thread_blocked, id=11084, stack(0x000000c784500000,0x000000c784600000)]
  0x000001f228994800 JavaThread "Unconstrained build operations Thread 54" [_thread_blocked, id=3748, stack(0x000000c784600000,0x000000c784700000)]
  0x000001f228991800 JavaThread "Unconstrained build operations Thread 55" [_thread_blocked, id=8312, stack(0x000000c784700000,0x000000c784800000)]
  0x000001f228992000 JavaThread "Unconstrained build operations Thread 56" [_thread_blocked, id=2368, stack(0x000000c784800000,0x000000c784900000)]
  0x000001f228995800 JavaThread "Unconstrained build operations Thread 57" [_thread_blocked, id=5448, stack(0x000000c784900000,0x000000c784a00000)]
  0x000001f228996800 JavaThread "Unconstrained build operations Thread 58" [_thread_blocked, id=14996, stack(0x000000c784a00000,0x000000c784b00000)]
  0x000001f228999000 JavaThread "Unconstrained build operations Thread 59" [_thread_blocked, id=5020, stack(0x000000c784b00000,0x000000c784c00000)]
  0x000001f228993000 JavaThread "Unconstrained build operations Thread 60" [_thread_blocked, id=1848, stack(0x000000c784c00000,0x000000c784d00000)]
  0x000001f228998000 JavaThread "Unconstrained build operations Thread 61" [_thread_blocked, id=11020, stack(0x000000c784d00000,0x000000c784e00000)]
  0x000001f228999800 JavaThread "Unconstrained build operations Thread 62" [_thread_blocked, id=16280, stack(0x000000c784e00000,0x000000c784f00000)]
  0x000001f228994000 JavaThread "Unconstrained build operations Thread 63" [_thread_blocked, id=14824, stack(0x000000c784f00000,0x000000c785000000)]
  0x000001f22899a800 JavaThread "Unconstrained build operations Thread 64" [_thread_blocked, id=16000, stack(0x000000c785300000,0x000000c785400000)]
  0x000001f22899b000 JavaThread "Unconstrained build operations Thread 65" [_thread_blocked, id=13268, stack(0x000000c785400000,0x000000c785500000)]
  0x000001f22899c000 JavaThread "Unconstrained build operations Thread 66" [_thread_blocked, id=16076, stack(0x000000c785500000,0x000000c785600000)]
  0x000001f22899d000 JavaThread "Unconstrained build operations Thread 67" [_thread_blocked, id=14328, stack(0x000000c785600000,0x000000c785700000)]
  0x000001f228997000 JavaThread "Unconstrained build operations Thread 68" [_thread_blocked, id=14408, stack(0x000000c785700000,0x000000c785800000)]
  0x000001f22899f800 JavaThread "Unconstrained build operations Thread 69" [_thread_blocked, id=6496, stack(0x000000c785800000,0x000000c785900000)]
  0x000001f22899d800 JavaThread "Unconstrained build operations Thread 70" [_thread_blocked, id=8244, stack(0x000000c785900000,0x000000c785a00000)]
  0x000001f22899e800 JavaThread "Unconstrained build operations Thread 71" [_thread_blocked, id=1300, stack(0x000000c785a00000,0x000000c785b00000)]
  0x000001f2289a0000 JavaThread "Unconstrained build operations Thread 72" [_thread_blocked, id=8388, stack(0x000000c785b00000,0x000000c785c00000)]
  0x000001f22908e000 JavaThread "Unconstrained build operations Thread 73" [_thread_blocked, id=8904, stack(0x000000c785c00000,0x000000c785d00000)]
  0x000001f22908c000 JavaThread "Unconstrained build operations Thread 74" [_thread_blocked, id=8932, stack(0x000000c785d00000,0x000000c785e00000)]
  0x000001f22908b800 JavaThread "Unconstrained build operations Thread 75" [_thread_blocked, id=8912, stack(0x000000c785e00000,0x000000c785f00000)]
  0x000001f22908d000 JavaThread "Unconstrained build operations Thread 76" [_thread_blocked, id=15812, stack(0x000000c785f00000,0x000000c786000000)]
  0x000001f22908f800 JavaThread "Unconstrained build operations Thread 77" [_thread_blocked, id=8748, stack(0x000000c786000000,0x000000c786100000)]
  0x000001f22908e800 JavaThread "Unconstrained build operations Thread 78" [_thread_blocked, id=10872, stack(0x000000c786100000,0x000000c786200000)]
  0x000001f229090800 JavaThread "Unconstrained build operations Thread 79" [_thread_blocked, id=13860, stack(0x000000c786200000,0x000000c786300000)]
  0x000001f22908a800 JavaThread "Unconstrained build operations Thread 80" [_thread_blocked, id=8216, stack(0x000000c786300000,0x000000c786400000)]
  0x000001f229097000 JavaThread "build event listener" [_thread_blocked, id=15040, stack(0x000000c786500000,0x000000c786600000)]
  0x000001f229093000 JavaThread "included builds" [_thread_blocked, id=9028, stack(0x000000c786600000,0x000000c786700000)]
  0x000001f229091000 JavaThread "Execution worker for ':'" [_thread_blocked, id=16220, stack(0x000000c786700000,0x000000c786800000)]
  0x000001f229093800 JavaThread "Execution worker for ':' Thread 2" [_thread_blocked, id=16036, stack(0x000000c786800000,0x000000c786900000)]
  0x000001f229096000 JavaThread "Execution worker for ':' Thread 3" [_thread_blocked, id=5308, stack(0x000000c786900000,0x000000c786a00000)]
  0x000001f229097800 JavaThread "Execution worker for ':' Thread 4" [_thread_blocked, id=4300, stack(0x000000c786a00000,0x000000c786b00000)]
  0x000001f229094800 JavaThread "Execution worker for ':' Thread 5" [_thread_blocked, id=15424, stack(0x000000c786b00000,0x000000c786c00000)]
  0x000001f229092000 JavaThread "Execution worker for ':' Thread 6" [_thread_blocked, id=15504, stack(0x000000c786c00000,0x000000c786d00000)]
  0x000001f229098800 JavaThread "Execution worker for ':' Thread 7" [_thread_blocked, id=1120, stack(0x000000c786d00000,0x000000c786e00000)]
  0x000001f229099800 JavaThread "Cache worker for execution history cache (D:\CYBRNODE\Week 2\Password Manager App\pass_gen_app\android\.gradle\7.4\executionHistory)" [_thread_blocked, id=15132, stack(0x000000c786e00000,0x000000c786f00000)]
  0x000001f227dea800 JavaThread "Exec process Thread 4" [_thread_in_native, id=10516, stack(0x000000c786f00000,0x000000c787000000)]
  0x000001f227dec000 JavaThread "Exec process Thread 5" [_thread_in_native, id=8460, stack(0x000000c787000000,0x000000c787100000)]
  0x000001f227ded000 JavaThread "Exec process Thread 6" [_thread_in_native, id=9288, stack(0x000000c787100000,0x000000c787200000)]

Other Threads:
  0x000001f22480b800 VMThread "VM Thread" [stack: 0x000000c7fd000000,0x000000c7fd100000] [id=5056]
  0x000001f225341800 WatcherThread [stack: 0x000000c7fda00000,0x000000c7fdb00000] [id=8540]
  0x000001f20b687000 GCTaskThread "GC Thread#0" [stack: 0x000000c7fcb00000,0x000000c7fcc00000] [id=7032]
  0x000001f22551c800 GCTaskThread "GC Thread#1" [stack: 0x000000c7fdb00000,0x000000c7fdc00000] [id=7016]
  0x000001f225a1a800 GCTaskThread "GC Thread#2" [stack: 0x000000c7fdc00000,0x000000c7fdd00000] [id=7864]
  0x000001f228849000 GCTaskThread "GC Thread#3" [stack: 0x000000c7fe800000,0x000000c7fe900000] [id=1328]
  0x000001f228834000 GCTaskThread "GC Thread#4" [stack: 0x000000c7fe900000,0x000000c7fea00000] [id=2232]
  0x000001f228a66000 GCTaskThread "GC Thread#5" [stack: 0x000000c7fea00000,0x000000c7feb00000] [id=7904]
  0x000001f228a59800 GCTaskThread "GC Thread#6" [stack: 0x000000c7feb00000,0x000000c7fec00000] [id=14644]
  0x000001f228d7b800 GCTaskThread "GC Thread#7" [stack: 0x000000c7fec00000,0x000000c7fed00000] [id=10088]
  0x000001f20b6ae000 ConcurrentGCThread "G1 Main Marker" [stack: 0x000000c7fcc00000,0x000000c7fcd00000] [id=15696]
  0x000001f20b6af800 ConcurrentGCThread "G1 Conc#0" [stack: 0x000000c7fcd00000,0x000000c7fce00000] [id=8472]
  0x000001f227023800 ConcurrentGCThread "G1 Conc#1" [stack: 0x000000c7ff000000,0x000000c7ff100000] [id=10448]
  0x000001f20b74d000 ConcurrentGCThread "G1 Refine#0" [stack: 0x000000c7fce00000,0x000000c7fcf00000] [id=7944]
  0x000001f22c6dc800 ConcurrentGCThread "G1 Refine#1" [stack: 0x000000c780000000,0x000000c780100000] [id=4312]
  0x000001f226ca5000 ConcurrentGCThread "G1 Refine#2" [stack: 0x000000c780100000,0x000000c780200000] [id=11964]
  0x000001f226851800 ConcurrentGCThread "G1 Refine#3" [stack: 0x000000c780200000,0x000000c780300000] [id=9708]
  0x000001f20b74e000 ConcurrentGCThread "G1 Young RemSet Sampling" [stack: 0x000000c7fcf00000,0x000000c7fd000000] [id=13212]

Threads with active compile tasks:
C2 CompilerThread02389681 12466       4       org.gradle.internal.logging.sink.OutputEventTransformer::onOutput (399 bytes)

VM state:not at safepoint (normal execution)

VM Mutex/Monitor currently owned by a thread: None

Heap address: 0x00000000a0000000, size: 1536 MB, Compressed Oops mode: 32-bit
Narrow klass base: 0x0000000000000000, Narrow klass shift: 3
Compressed class space size: 1073741824 Address: 0x0000000100000000

Heap:
 garbage-first heap   total 165888K, used 101949K [0x00000000a0000000, 0x0000000100000000)
  region size 1024K, 8 young (8192K), 5 survivors (5120K)
 Metaspace       used 91145K, capacity 93899K, committed 94284K, reserved 1130496K
  class space    used 11922K, capacity 12920K, committed 13132K, reserved 1048576K
Heap Regions: E=young(eden), S=young(survivor), O=old, HS=humongous(starts), HC=humongous(continues), CS=collection set, F=free, A=archive, TAMS=top-at-mark-start (previous, next)
|   0|0x00000000a0000000, 0x00000000a0100000, 0x00000000a0100000|100%| O|  |TAMS 0x00000000a0100000, 0x00000000a0000000| Untracked 
|   1|0x00000000a0100000, 0x00000000a0200000, 0x00000000a0200000|100%| O|  |TAMS 0x00000000a0200000, 0x00000000a0100000| Untracked 
|   2|0x00000000a0200000, 0x00000000a0300000, 0x00000000a0300000|100%| O|  |TAMS 0x00000000a0300000, 0x00000000a0200000| Untracked 
|   3|0x00000000a0300000, 0x00000000a0400000, 0x00000000a0400000|100%|HS|  |TAMS 0x00000000a0400000, 0x00000000a0300000| Complete 
|   4|0x00000000a0400000, 0x00000000a0500000, 0x00000000a0500000|100%|HC|  |TAMS 0x00000000a0500000, 0x00000000a0400000| Complete 
|   5|0x00000000a0500000, 0x00000000a0600000, 0x00000000a0600000|100%|HC|  |TAMS 0x00000000a0600000, 0x00000000a0500000| Complete 
|   6|0x00000000a0600000, 0x00000000a0700000, 0x00000000a0700000|100%| O|  |TAMS 0x00000000a0700000, 0x00000000a0600000| Untracked 
|   7|0x00000000a0700000, 0x00000000a0800000, 0x00000000a0800000|100%| O|  |TAMS 0x00000000a0800000, 0x00000000a0700000| Untracked 
|   8|0x00000000a0800000, 0x00000000a0900000, 0x00000000a0900000|100%| O|  |TAMS 0x00000000a0900000, 0x00000000a0800000| Untracked 
|   9|0x00000000a0900000, 0x00000000a0a00000, 0x00000000a0a00000|100%| O|  |TAMS 0x00000000a0a00000, 0x00000000a0900000| Untracked 
|  10|0x00000000a0a00000, 0x00000000a0b00000, 0x00000000a0b00000|100%| O|  |TAMS 0x00000000a0b00000, 0x00000000a0a00000| Untracked 
|  11|0x00000000a0b00000, 0x00000000a0c00000, 0x00000000a0c00000|100%| O|  |TAMS 0x00000000a0c00000, 0x00000000a0b00000| Untracked 
|  12|0x00000000a0c00000, 0x00000000a0d00000, 0x00000000a0d00000|100%| O|  |TAMS 0x00000000a0d00000, 0x00000000a0c00000| Untracked 
|  13|0x00000000a0d00000, 0x00000000a0e00000, 0x00000000a0e00000|100%| O|  |TAMS 0x00000000a0e00000, 0x00000000a0d00000| Untracked 
|  14|0x00000000a0e00000, 0x00000000a0f00000, 0x00000000a0f00000|100%| O|  |TAMS 0x00000000a0f00000, 0x00000000a0e00000| Untracked 
|  15|0x00000000a0f00000, 0x00000000a1000000, 0x00000000a1000000|100%| O|  |TAMS 0x00000000a1000000, 0x00000000a0f00000| Untracked 
|  16|0x00000000a1000000, 0x00000000a1100000, 0x00000000a1100000|100%| O|  |TAMS 0x00000000a1100000, 0x00000000a1000000| Untracked 
|  17|0x00000000a1100000, 0x00000000a1200000, 0x00000000a1200000|100%|HS|  |TAMS 0x00000000a1200000, 0x00000000a1100000| Complete 
|  18|0x00000000a1200000, 0x00000000a1300000, 0x00000000a1300000|100%| O|  |TAMS 0x00000000a1300000, 0x00000000a1200000| Untracked 
|  19|0x00000000a1300000, 0x00000000a1400000, 0x00000000a1400000|100%| O|  |TAMS 0x00000000a1400000, 0x00000000a1300000| Untracked 
|  20|0x00000000a1400000, 0x00000000a1500000, 0x00000000a1500000|100%| O|  |TAMS 0x00000000a1500000, 0x00000000a1400000| Untracked 
|  21|0x00000000a1500000, 0x00000000a1600000, 0x00000000a1600000|100%| O|  |TAMS 0x00000000a1600000, 0x00000000a1500000| Untracked 
|  22|0x00000000a1600000, 0x00000000a1700000, 0x00000000a1700000|100%| O|  |TAMS 0x00000000a1700000, 0x00000000a1600000| Untracked 
|  23|0x00000000a1700000, 0x00000000a1800000, 0x00000000a1800000|100%| O|  |TAMS 0x00000000a1800000, 0x00000000a1700000| Untracked 
|  24|0x00000000a1800000, 0x00000000a1900000, 0x00000000a1900000|100%| O|  |TAMS 0x00000000a1900000, 0x00000000a1800000| Untracked 
|  25|0x00000000a1900000, 0x00000000a1a00000, 0x00000000a1a00000|100%| O|  |TAMS 0x00000000a1a00000, 0x00000000a1900000| Untracked 
|  26|0x00000000a1a00000, 0x00000000a1b00000, 0x00000000a1b00000|100%| O|  |TAMS 0x00000000a1b00000, 0x00000000a1a00000| Untracked 
|  27|0x00000000a1b00000, 0x00000000a1c00000, 0x00000000a1c00000|100%|HS|  |TAMS 0x00000000a1c00000, 0x00000000a1b00000| Complete 
|  28|0x00000000a1c00000, 0x00000000a1d00000, 0x00000000a1d00000|100%|HS|  |TAMS 0x00000000a1d00000, 0x00000000a1c00000| Complete 
|  29|0x00000000a1d00000, 0x00000000a1e00000, 0x00000000a1e00000|100%|HS|  |TAMS 0x00000000a1e00000, 0x00000000a1d00000| Complete 
|  30|0x00000000a1e00000, 0x00000000a1f00000, 0x00000000a1f00000|100%|HS|  |TAMS 0x00000000a1f00000, 0x00000000a1e00000| Complete 
|  31|0x00000000a1f00000, 0x00000000a2000000, 0x00000000a2000000|100%|HC|  |TAMS 0x00000000a2000000, 0x00000000a1f00000| Complete 
|  32|0x00000000a2000000, 0x00000000a2100000, 0x00000000a2100000|100%|HC|  |TAMS 0x00000000a2100000, 0x00000000a2000000| Complete 
|  33|0x00000000a2100000, 0x00000000a2200000, 0x00000000a2200000|100%|HS|  |TAMS 0x00000000a2200000, 0x00000000a2100000| Complete 
|  34|0x00000000a2200000, 0x00000000a2300000, 0x00000000a2300000|100%|HC|  |TAMS 0x00000000a2300000, 0x00000000a2200000| Complete 
|  35|0x00000000a2300000, 0x00000000a2400000, 0x00000000a2400000|100%| O|  |TAMS 0x00000000a2400000, 0x00000000a2300000| Untracked 
|  36|0x00000000a2400000, 0x00000000a2500000, 0x00000000a2500000|100%| O|  |TAMS 0x00000000a2500000, 0x00000000a2400000| Untracked 
|  37|0x00000000a2500000, 0x00000000a2600000, 0x00000000a2600000|100%| O|  |TAMS 0x00000000a2600000, 0x00000000a2500000| Untracked 
|  38|0x00000000a2600000, 0x00000000a2700000, 0x00000000a2700000|100%| O|  |TAMS 0x00000000a2700000, 0x00000000a2600000| Untracked 
|  39|0x00000000a2700000, 0x00000000a2800000, 0x00000000a2800000|100%| O|  |TAMS 0x00000000a2800000, 0x00000000a2700000| Untracked 
|  40|0x00000000a2800000, 0x00000000a2900000, 0x00000000a2900000|100%| O|  |TAMS 0x00000000a2900000, 0x00000000a2800000| Untracked 
|  41|0x00000000a2900000, 0x00000000a2a00000, 0x00000000a2a00000|100%| O|  |TAMS 0x00000000a2a00000, 0x00000000a2900000| Untracked 
|  42|0x00000000a2a00000, 0x00000000a2b00000, 0x00000000a2b00000|100%| O|  |TAMS 0x00000000a2b00000, 0x00000000a2a00000| Untracked 
|  43|0x00000000a2b00000, 0x00000000a2c00000, 0x00000000a2c00000|100%| O|  |TAMS 0x00000000a2c00000, 0x00000000a2b00000| Untracked 
|  44|0x00000000a2c00000, 0x00000000a2d00000, 0x00000000a2d00000|100%| O|  |TAMS 0x00000000a2d00000, 0x00000000a2c00000| Untracked 
|  45|0x00000000a2d00000, 0x00000000a2e00000, 0x00000000a2e00000|100%| O|  |TAMS 0x00000000a2e00000, 0x00000000a2d00000| Untracked 
|  46|0x00000000a2e00000, 0x00000000a2f00000, 0x00000000a2f00000|100%| O|  |TAMS 0x00000000a2f00000, 0x00000000a2e00000| Untracked 
|  47|0x00000000a2f00000, 0x00000000a3000000, 0x00000000a3000000|100%| O|  |TAMS 0x00000000a3000000, 0x00000000a2f00000| Untracked 
|  48|0x00000000a3000000, 0x00000000a3100000, 0x00000000a3100000|100%| O|  |TAMS 0x00000000a3100000, 0x00000000a3000000| Untracked 
|  49|0x00000000a3100000, 0x00000000a3200000, 0x00000000a3200000|100%|HS|  |TAMS 0x00000000a3200000, 0x00000000a3100000| Complete 
|  50|0x00000000a3200000, 0x00000000a3300000, 0x00000000a3300000|100%| O|  |TAMS 0x00000000a3300000, 0x00000000a3200000| Untracked 
|  51|0x00000000a3300000, 0x00000000a3400000, 0x00000000a3400000|100%| O|  |TAMS 0x00000000a3400000, 0x00000000a3300000| Untracked 
|  52|0x00000000a3400000, 0x00000000a3500000, 0x00000000a3500000|100%| O|  |TAMS 0x00000000a3500000, 0x00000000a3400000| Untracked 
|  53|0x00000000a3500000, 0x00000000a3600000, 0x00000000a3600000|100%| O|  |TAMS 0x00000000a3600000, 0x00000000a3500000| Untracked 
|  54|0x00000000a3600000, 0x00000000a3700000, 0x00000000a3700000|100%| O|  |TAMS 0x00000000a3700000, 0x00000000a3600000| Untracked 
|  55|0x00000000a3700000, 0x00000000a3800000, 0x00000000a3800000|100%|HS|  |TAMS 0x00000000a3800000, 0x00000000a3700000| Complete 
|  56|0x00000000a3800000, 0x00000000a3900000, 0x00000000a3900000|100%|HC|  |TAMS 0x00000000a3900000, 0x00000000a3800000| Complete 
|  57|0x00000000a3900000, 0x00000000a3a00000, 0x00000000a3a00000|100%| O|  |TAMS 0x00000000a3a00000, 0x00000000a3900000| Untracked 
|  58|0x00000000a3a00000, 0x00000000a3b00000, 0x00000000a3b00000|100%| O|  |TAMS 0x00000000a3b00000, 0x00000000a3a00000| Untracked 
|  59|0x00000000a3b00000, 0x00000000a3c00000, 0x00000000a3c00000|100%| O|  |TAMS 0x00000000a3c00000, 0x00000000a3b00000| Untracked 
|  60|0x00000000a3c00000, 0x00000000a3d00000, 0x00000000a3d00000|100%| O|  |TAMS 0x00000000a3d00000, 0x00000000a3c00000| Untracked 
|  61|0x00000000a3d00000, 0x00000000a3e00000, 0x00000000a3e00000|100%| O|  |TAMS 0x00000000a3e00000, 0x00000000a3d00000| Untracked 
|  62|0x00000000a3e00000, 0x00000000a3f00000, 0x00000000a3f00000|100%| O|  |TAMS 0x00000000a3f00000, 0x00000000a3e00000| Untracked 
|  63|0x00000000a3f00000, 0x00000000a4000000, 0x00000000a4000000|100%| O|  |TAMS 0x00000000a4000000, 0x00000000a3f00000| Untracked 
|  64|0x00000000a4000000, 0x00000000a4100000, 0x00000000a4100000|100%| O|  |TAMS 0x00000000a4100000, 0x00000000a4000000| Untracked 
|  65|0x00000000a4100000, 0x00000000a4200000, 0x00000000a4200000|100%| O|  |TAMS 0x00000000a4200000, 0x00000000a4100000| Untracked 
|  66|0x00000000a4200000, 0x00000000a4300000, 0x00000000a4300000|100%| O|  |TAMS 0x00000000a4300000, 0x00000000a4200000| Untracked 
|  67|0x00000000a4300000, 0x00000000a4400000, 0x00000000a4400000|100%| O|  |TAMS 0x00000000a4400000, 0x00000000a4300000| Untracked 
|  68|0x00000000a4400000, 0x00000000a4500000, 0x00000000a4500000|100%| O|  |TAMS 0x00000000a4500000, 0x00000000a4400000| Untracked 
|  69|0x00000000a4500000, 0x00000000a4600000, 0x00000000a4600000|100%| O|  |TAMS 0x00000000a4600000, 0x00000000a4500000| Untracked 
|  70|0x00000000a4600000, 0x00000000a4700000, 0x00000000a4700000|100%| O|  |TAMS 0x00000000a4700000, 0x00000000a4600000| Untracked 
|  71|0x00000000a4700000, 0x00000000a4800000, 0x00000000a4800000|100%| O|  |TAMS 0x00000000a4800000, 0x00000000a4700000| Untracked 
|  72|0x00000000a4800000, 0x00000000a4900000, 0x00000000a4900000|100%| O|  |TAMS 0x00000000a4900000, 0x00000000a4800000| Untracked 
|  73|0x00000000a4900000, 0x00000000a4a00000, 0x00000000a4a00000|100%| O|  |TAMS 0x00000000a4a00000, 0x00000000a4900000| Untracked 
|  74|0x00000000a4a00000, 0x00000000a4b00000, 0x00000000a4b00000|100%| O|  |TAMS 0x00000000a4b00000, 0x00000000a4a00000| Untracked 
|  75|0x00000000a4b00000, 0x00000000a4c00000, 0x00000000a4c00000|100%| O|  |TAMS 0x00000000a4c00000, 0x00000000a4b00000| Untracked 
|  76|0x00000000a4c00000, 0x00000000a4d00000, 0x00000000a4d00000|100%| O|  |TAMS 0x00000000a4d00000, 0x00000000a4c00000| Untracked 
|  77|0x00000000a4d00000, 0x00000000a4e00000, 0x00000000a4e00000|100%| O|  |TAMS 0x00000000a4e00000, 0x00000000a4d00000| Untracked 
|  78|0x00000000a4e00000, 0x00000000a4f00000, 0x00000000a4f00000|100%| O|  |TAMS 0x00000000a4f00000, 0x00000000a4e00000| Untracked 
|  79|0x00000000a4f00000, 0x00000000a5000000, 0x00000000a5000000|100%| O|  |TAMS 0x00000000a5000000, 0x00000000a4f00000| Untracked 
|  80|0x00000000a5000000, 0x00000000a5100000, 0x00000000a5100000|100%| O|  |TAMS 0x00000000a5100000, 0x00000000a5000000| Untracked 
|  81|0x00000000a5100000, 0x00000000a5200000, 0x00000000a5200000|100%|HS|  |TAMS 0x00000000a5200000, 0x00000000a5100000| Complete 
|  82|0x00000000a5200000, 0x00000000a5300000, 0x00000000a5300000|100%|HC|  |TAMS 0x00000000a5300000, 0x00000000a5200000| Complete 
|  83|0x00000000a5300000, 0x00000000a5400000, 0x00000000a5400000|100%|HC|  |TAMS 0x00000000a5400000, 0x00000000a5300000| Complete 
|  84|0x00000000a5400000, 0x00000000a5500000, 0x00000000a5500000|100%| O|  |TAMS 0x00000000a5500000, 0x00000000a5400000| Untracked 
|  85|0x00000000a5500000, 0x00000000a5600000, 0x00000000a5600000|100%| O|  |TAMS 0x00000000a5600000, 0x00000000a5500000| Untracked 
|  86|0x00000000a5600000, 0x00000000a568f400, 0x00000000a5700000| 55%| O|  |TAMS 0x00000000a568f400, 0x00000000a5600000| Untracked 
|  87|0x00000000a5700000, 0x00000000a5800000, 0x00000000a5800000|100%| O|  |TAMS 0x00000000a5800000, 0x00000000a5700000| Untracked 
|  88|0x00000000a5800000, 0x00000000a5900000, 0x00000000a5900000|100%| O|  |TAMS 0x00000000a5900000, 0x00000000a5800000| Untracked 
|  89|0x00000000a5900000, 0x00000000a5900000, 0x00000000a5a00000|  0%| F|  |TAMS 0x00000000a5900000, 0x00000000a5900000| Untracked 
|  90|0x00000000a5a00000, 0x00000000a5a00000, 0x00000000a5b00000|  0%| F|  |TAMS 0x00000000a5a00000, 0x00000000a5a00000| Untracked 
|  91|0x00000000a5b00000, 0x00000000a5c00000, 0x00000000a5c00000|100%| O|  |TAMS 0x00000000a5c00000, 0x00000000a5b00000| Untracked 
|  92|0x00000000a5c00000, 0x00000000a5c00000, 0x00000000a5d00000|  0%| F|  |TAMS 0x00000000a5c00000, 0x00000000a5c00000| Untracked 
|  93|0x00000000a5d00000, 0x00000000a5d00000, 0x00000000a5e00000|  0%| F|  |TAMS 0x00000000a5d00000, 0x00000000a5d00000| Untracked 
|  94|0x00000000a5e00000, 0x00000000a5e00000, 0x00000000a5f00000|  0%| F|  |TAMS 0x00000000a5e00000, 0x00000000a5e00000| Untracked 
|  95|0x00000000a5f00000, 0x00000000a5f00000, 0x00000000a6000000|  0%| F|  |TAMS 0x00000000a5f00000, 0x00000000a5f00000| Untracked 
|  96|0x00000000a6000000, 0x00000000a6000000, 0x00000000a6100000|  0%| F|  |TAMS 0x00000000a6000000, 0x00000000a6000000| Untracked 
|  97|0x00000000a6100000, 0x00000000a6100000, 0x00000000a6200000|  0%| F|  |TAMS 0x00000000a6100000, 0x00000000a6100000| Untracked 
|  98|0x00000000a6200000, 0x00000000a6200000, 0x00000000a6300000|  0%| F|  |TAMS 0x00000000a6200000, 0x00000000a6200000| Untracked 
|  99|0x00000000a6300000, 0x00000000a6300000, 0x00000000a6400000|  0%| F|  |TAMS 0x00000000a6300000, 0x00000000a6300000| Untracked 
| 100|0x00000000a6400000, 0x00000000a6400000, 0x00000000a6500000|  0%| F|  |TAMS 0x00000000a6400000, 0x00000000a6400000| Untracked 
| 101|0x00000000a6500000, 0x00000000a6600000, 0x00000000a6600000|100%| O|  |TAMS 0x00000000a6600000, 0x00000000a6500000| Untracked 
| 102|0x00000000a6600000, 0x00000000a6600000, 0x00000000a6700000|  0%| F|  |TAMS 0x00000000a6600000, 0x00000000a6600000| Untracked 
| 103|0x00000000a6700000, 0x00000000a6700000, 0x00000000a6800000|  0%| F|  |TAMS 0x00000000a6700000, 0x00000000a6700000| Untracked 
| 104|0x00000000a6800000, 0x00000000a6800000, 0x00000000a6900000|  0%| F|  |TAMS 0x00000000a6800000, 0x00000000a6800000| Untracked 
| 105|0x00000000a6900000, 0x00000000a6900000, 0x00000000a6a00000|  0%| F|  |TAMS 0x00000000a6900000, 0x00000000a6900000| Untracked 
| 106|0x00000000a6a00000, 0x00000000a6a00000, 0x00000000a6b00000|  0%| F|  |TAMS 0x00000000a6a00000, 0x00000000a6a00000| Untracked 
| 107|0x00000000a6b00000, 0x00000000a6c00000, 0x00000000a6c00000|100%| O|  |TAMS 0x00000000a6c00000, 0x00000000a6b00000| Untracked 
| 108|0x00000000a6c00000, 0x00000000a6d00000, 0x00000000a6d00000|100%| O|  |TAMS 0x00000000a6d00000, 0x00000000a6c00000| Untracked 
| 109|0x00000000a6d00000, 0x00000000a6d00000, 0x00000000a6e00000|  0%| F|  |TAMS 0x00000000a6d00000, 0x00000000a6d00000| Untracked 
| 110|0x00000000a6e00000, 0x00000000a6e00000, 0x00000000a6f00000|  0%| F|  |TAMS 0x00000000a6e00000, 0x00000000a6e00000| Untracked 
| 111|0x00000000a6f00000, 0x00000000a6f00000, 0x00000000a7000000|  0%| F|  |TAMS 0x00000000a6f00000, 0x00000000a6f00000| Untracked 
| 112|0x00000000a7000000, 0x00000000a7000000, 0x00000000a7100000|  0%| F|  |TAMS 0x00000000a7000000, 0x00000000a7000000| Untracked 
| 113|0x00000000a7100000, 0x00000000a7100000, 0x00000000a7200000|  0%| F|  |TAMS 0x00000000a7100000, 0x00000000a7100000| Untracked 
| 114|0x00000000a7200000, 0x00000000a7200000, 0x00000000a7300000|  0%| F|  |TAMS 0x00000000a7200000, 0x00000000a7200000| Untracked 
| 115|0x00000000a7300000, 0x00000000a7300000, 0x00000000a7400000|  0%| F|  |TAMS 0x00000000a7300000, 0x00000000a7300000| Untracked 
| 116|0x00000000a7400000, 0x00000000a7400000, 0x00000000a7500000|  0%| F|  |TAMS 0x00000000a7400000, 0x00000000a7400000| Untracked 
| 117|0x00000000a7500000, 0x00000000a7500000, 0x00000000a7600000|  0%| F|  |TAMS 0x00000000a7500000, 0x00000000a7500000| Untracked 
| 118|0x00000000a7600000, 0x00000000a7600000, 0x00000000a7700000|  0%| F|  |TAMS 0x00000000a7600000, 0x00000000a7600000| Untracked 
| 119|0x00000000a7700000, 0x00000000a7700000, 0x00000000a7800000|  0%| F|  |TAMS 0x00000000a7700000, 0x00000000a7700000| Untracked 
| 120|0x00000000a7800000, 0x00000000a7800000, 0x00000000a7900000|  0%| F|  |TAMS 0x00000000a7800000, 0x00000000a7800000| Untracked 
| 121|0x00000000a7900000, 0x00000000a7900000, 0x00000000a7a00000|  0%| F|  |TAMS 0x00000000a7900000, 0x00000000a7900000| Untracked 
| 122|0x00000000a7a00000, 0x00000000a7a00000, 0x00000000a7b00000|  0%| F|  |TAMS 0x00000000a7a00000, 0x00000000a7a00000| Untracked 
| 123|0x00000000a7b00000, 0x00000000a7c00000, 0x00000000a7c00000|100%| S|CS|TAMS 0x00000000a7b00000, 0x00000000a7b00000| Complete 
| 124|0x00000000a7c00000, 0x00000000a7d00000, 0x00000000a7d00000|100%| S|CS|TAMS 0x00000000a7c00000, 0x00000000a7c00000| Complete 
| 125|0x00000000a7d00000, 0x00000000a7e00000, 0x00000000a7e00000|100%| S|CS|TAMS 0x00000000a7d00000, 0x00000000a7d00000| Complete 
| 126|0x00000000a7e00000, 0x00000000a7f00000, 0x00000000a7f00000|100%| S|CS|TAMS 0x00000000a7e00000, 0x00000000a7e00000| Complete 
| 127|0x00000000a7f00000, 0x00000000a8000000, 0x00000000a8000000|100%| S|CS|TAMS 0x00000000a7f00000, 0x00000000a7f00000| Complete 
| 128|0x00000000a8000000, 0x00000000a8000000, 0x00000000a8100000|  0%| F|  |TAMS 0x00000000a8000000, 0x00000000a8000000| Untracked 
| 129|0x00000000a8100000, 0x00000000a8100000, 0x00000000a8200000|  0%| F|  |TAMS 0x00000000a8100000, 0x00000000a8100000| Untracked 
| 130|0x00000000a8200000, 0x00000000a8200000, 0x00000000a8300000|  0%| F|  |TAMS 0x00000000a8200000, 0x00000000a8200000| Untracked 
| 131|0x00000000a8300000, 0x00000000a8300000, 0x00000000a8400000|  0%| F|  |TAMS 0x00000000a8300000, 0x00000000a8300000| Untracked 
| 132|0x00000000a8400000, 0x00000000a8400000, 0x00000000a8500000|  0%| F|  |TAMS 0x00000000a8400000, 0x00000000a8400000| Untracked 
| 133|0x00000000a8500000, 0x00000000a8500000, 0x00000000a8600000|  0%| F|  |TAMS 0x00000000a8500000, 0x00000000a8500000| Untracked 
| 134|0x00000000a8600000, 0x00000000a8600000, 0x00000000a8700000|  0%| F|  |TAMS 0x00000000a8600000, 0x00000000a8600000| Untracked 
| 135|0x00000000a8700000, 0x00000000a8700000, 0x00000000a8800000|  0%| F|  |TAMS 0x00000000a8700000, 0x00000000a8700000| Untracked 
| 136|0x00000000a8800000, 0x00000000a8800000, 0x00000000a8900000|  0%| F|  |TAMS 0x00000000a8800000, 0x00000000a8800000| Untracked 
| 137|0x00000000a8900000, 0x00000000a8900000, 0x00000000a8a00000|  0%| F|  |TAMS 0x00000000a8900000, 0x00000000a8900000| Untracked 
| 138|0x00000000a8a00000, 0x00000000a8a00000, 0x00000000a8b00000|  0%| F|  |TAMS 0x00000000a8a00000, 0x00000000a8a00000| Untracked 
| 139|0x00000000a8b00000, 0x00000000a8b00000, 0x00000000a8c00000|  0%| F|  |TAMS 0x00000000a8b00000, 0x00000000a8b00000| Untracked 
| 140|0x00000000a8c00000, 0x00000000a8c00000, 0x00000000a8d00000|  0%| F|  |TAMS 0x00000000a8c00000, 0x00000000a8c00000| Untracked 
| 141|0x00000000a8d00000, 0x00000000a8d00000, 0x00000000a8e00000|  0%| F|  |TAMS 0x00000000a8d00000, 0x00000000a8d00000| Untracked 
| 142|0x00000000a8e00000, 0x00000000a8e00000, 0x00000000a8f00000|  0%| F|  |TAMS 0x00000000a8e00000, 0x00000000a8e00000| Untracked 
| 143|0x00000000a8f00000, 0x00000000a8f00000, 0x00000000a9000000|  0%| F|  |TAMS 0x00000000a8f00000, 0x00000000a8f00000| Untracked 
| 144|0x00000000a9000000, 0x00000000a9000000, 0x00000000a9100000|  0%| F|  |TAMS 0x00000000a9000000, 0x00000000a9000000| Untracked 
| 145|0x00000000a9100000, 0x00000000a9100000, 0x00000000a9200000|  0%| F|  |TAMS 0x00000000a9100000, 0x00000000a9100000| Untracked 
| 146|0x00000000a9200000, 0x00000000a9200000, 0x00000000a9300000|  0%| F|  |TAMS 0x00000000a9200000, 0x00000000a9200000| Untracked 
| 147|0x00000000a9300000, 0x00000000a9300000, 0x00000000a9400000|  0%| F|  |TAMS 0x00000000a9300000, 0x00000000a9300000| Untracked 
| 148|0x00000000a9400000, 0x00000000a9400000, 0x00000000a9500000|  0%| F|  |TAMS 0x00000000a9400000, 0x00000000a9400000| Untracked 
| 149|0x00000000a9500000, 0x00000000a9500000, 0x00000000a9600000|  0%| F|  |TAMS 0x00000000a9500000, 0x00000000a9500000| Untracked 
| 150|0x00000000a9600000, 0x00000000a9600000, 0x00000000a9700000|  0%| F|  |TAMS 0x00000000a9600000, 0x00000000a9600000| Untracked 
| 151|0x00000000a9700000, 0x00000000a9700000, 0x00000000a9800000|  0%| F|  |TAMS 0x00000000a9700000, 0x00000000a9700000| Untracked 
| 152|0x00000000a9800000, 0x00000000a9800000, 0x00000000a9900000|  0%| F|  |TAMS 0x00000000a9800000, 0x00000000a9800000| Untracked 
| 153|0x00000000a9900000, 0x00000000a9900000, 0x00000000a9a00000|  0%| F|  |TAMS 0x00000000a9900000, 0x00000000a9900000| Untracked 
| 154|0x00000000a9a00000, 0x00000000a9a00000, 0x00000000a9b00000|  0%| F|  |TAMS 0x00000000a9a00000, 0x00000000a9a00000| Untracked 
| 155|0x00000000a9b00000, 0x00000000a9b00000, 0x00000000a9c00000|  0%| F|  |TAMS 0x00000000a9b00000, 0x00000000a9b00000| Untracked 
| 156|0x00000000a9c00000, 0x00000000a9c00000, 0x00000000a9d00000|  0%| F|  |TAMS 0x00000000a9c00000, 0x00000000a9c00000| Untracked 
| 157|0x00000000a9d00000, 0x00000000a9d00000, 0x00000000a9e00000|  0%| F|  |TAMS 0x00000000a9d00000, 0x00000000a9d00000| Untracked 
| 158|0x00000000a9e00000, 0x00000000a9e00000, 0x00000000a9f00000|  0%| F|  |TAMS 0x00000000a9e00000, 0x00000000a9e00000| Untracked 
| 159|0x00000000a9f00000, 0x00000000a9f94508, 0x00000000aa000000| 57%| E|  |TAMS 0x00000000a9f00000, 0x00000000a9f00000| Complete 
| 160|0x00000000aa000000, 0x00000000aa100000, 0x00000000aa100000|100%| E|CS|TAMS 0x00000000aa000000, 0x00000000aa000000| Complete 
| 161|0x00000000aa100000, 0x00000000aa200000, 0x00000000aa200000|100%| E|CS|TAMS 0x00000000aa100000, 0x00000000aa100000| Complete 

Card table byte_map: [0x000001f21e7d0000,0x000001f21ead0000] _byte_map_base: 0x000001f21e2d0000

Marking Bits (Prev, Next): (CMBitMap*) 0x000001f20b6a7210, (CMBitMap*) 0x000001f20b6a71d8
 Prev Bits: [0x000001f2205d0000, 0x000001f221dd0000)
 Next Bits: [0x000001f21edd0000, 0x000001f2205d0000)

Polling page: 0x000001f2095c0000

Metaspace:

Usage:
  Non-class:     79.08 MB capacity,    77.37 MB ( 98%) used,     1.46 MB (  2%) free+waste,   262.69 KB ( <1%) overhead. 
      Class:     12.62 MB capacity,    11.64 MB ( 92%) used,   877.50 KB (  7%) free+waste,   119.69 KB ( <1%) overhead. 
       Both:     91.70 MB capacity,    89.01 MB ( 97%) used,     2.32 MB (  3%) free+waste,   382.38 KB ( <1%) overhead. 

Virtual space:
  Non-class space:       80.00 MB reserved,      79.25 MB (>99%) committed 
      Class space:        1.00 GB reserved,      12.82 MB (  1%) committed 
             Both:        1.08 GB reserved,      92.07 MB (  8%) committed 

Chunk freelists:
   Non-Class:  45.00 KB
       Class:  96.00 KB
        Both:  141.00 KB

MaxMetaspaceSize: 17179869184.00 GB
CompressedClassSpaceSize: 1.00 GB
Initial GC threshold: 20.80 MB
Current GC threshold: 153.46 MB
CDS: off

CodeHeap 'non-profiled nmethods': size=120000Kb used=6583Kb max_used=6583Kb free=113416Kb
 bounds [0x000001f216c50000, 0x000001f2172c0000, 0x000001f21e180000]
CodeHeap 'profiled nmethods': size=120000Kb used=24158Kb max_used=24158Kb free=95841Kb
 bounds [0x000001f20f720000, 0x000001f210ec0000, 0x000001f216c50000]
CodeHeap 'non-nmethods': size=5760Kb used=2373Kb max_used=2458Kb free=3386Kb
 bounds [0x000001f20f180000, 0x000001f20f3f0000, 0x000001f20f720000]
 total_blobs=12949 nmethods=12061 adapters=800
 compilation: enabled
              stopped_count=0, restarted_count=0
 full_count=0

Compilation events (20 events):
Event: 2389.563 Thread 0x000001f22484b800 12473       3       org.gradle.internal.operations.DefaultBuildOperationListenerManager$1::progress (47 bytes)
Event: 2389.563 Thread 0x000001f22484b800 nmethod 12473 0x000001f210eb1510 code [0x000001f210eb1700, 0x000001f210eb1c48]
Event: 2389.563 Thread 0x000001f22484b800 12472   !   3       sun.nio.ch.SocketChannelImpl::write (177 bytes)
Event: 2389.565 Thread 0x000001f22484b800 nmethod 12472 0x000001f210eb1e10 code [0x000001f210eb21a0, 0x000001f210eb3638]
Event: 2389.566 Thread 0x000001f22484b800 12475       3       org.gradle.internal.logging.events.StyledTextOutputEvent::render (55 bytes)
Event: 2389.566 Thread 0x000001f22484b800 nmethod 12475 0x000001f210eb4010 code [0x000001f210eb4220, 0x000001f210eb48a8]
Event: 2389.566 Thread 0x000001f22484b800 12474       3       org.gradle.internal.operations.DefaultBuildOperationAncestryTracker::progress (1 bytes)
Event: 2389.566 Thread 0x000001f22484b800 nmethod 12474 0x000001f210eb4a90 code [0x000001f210eb4c40, 0x000001f210eb4d38]
Event: 2389.566 Thread 0x000001f22484b800 12476       3       java.nio.charset.CharsetDecoder::replaceWith (68 bytes)
Event: 2389.567 Thread 0x000001f22484b800 nmethod 12476 0x000001f210eb4e10 code [0x000001f210eb5040, 0x000001f210eb5698]
Event: 2389.567 Thread 0x000001f22484b800 12478       3       org.gradle.internal.logging.serializer.SpanSerializer::write (10 bytes)
Event: 2389.568 Thread 0x000001f22484b800 nmethod 12478 0x000001f210eb5890 code [0x000001f210eb5a80, 0x000001f210eb5ed8]
Event: 2389.568 Thread 0x000001f22484b800 12479       3       org.gradle.internal.logging.serializer.SpanSerializer::write (25 bytes)
Event: 2389.568 Thread 0x000001f22484b800 nmethod 12479 0x000001f210eb6090 code [0x000001f210eb6260, 0x000001f210eb6538]
Event: 2389.568 Thread 0x000001f22484b800 12481       3       org.gradle.internal.logging.serializer.StyledTextOutputEventSerializer::write (10 bytes)
Event: 2389.569 Thread 0x000001f22484b800 nmethod 12481 0x000001f210eb6690 code [0x000001f210eb6860, 0x000001f210eb6a88]
Event: 2389.569 Thread 0x000001f22484b800 12482       3       org.gradle.internal.logging.serializer.StyledTextOutputEventSerializer::write (86 bytes)
Event: 2389.569 Thread 0x000001f22484b800 nmethod 12482 0x000001f210eb6b90 code [0x000001f210eb6dc0, 0x000001f210eb77c8]
Event: 2389.576 Thread 0x000001f2251bb000 nmethod 12437 0x000001f2172bd110 code [0x000001f2172bd2e0, 0x000001f2172bd9b8]
Event: 2389.576 Thread 0x000001f2251bb000 12466       4       org.gradle.internal.logging.sink.OutputEventTransformer::onOutput (399 bytes)

GC Heap History (20 events):
Event: 2382.058 GC heap before
{Heap before GC invocations=60 (full 0):
 garbage-first heap   total 131072K, used 100727K [0x00000000a0000000, 0x0000000100000000)
  region size 1024K, 17 young (17408K), 1 survivors (1024K)
 Metaspace       used 90335K, capacity 92947K, committed 93772K, reserved 1130496K
  class space    used 11837K, capacity 12743K, committed 13132K, reserved 1048576K
}
Event: 2382.073 GC heap after
{Heap after GC invocations=61 (full 0):
 garbage-first heap   total 131072K, used 85368K [0x00000000a0000000, 0x0000000100000000)
  region size 1024K, 2 young (2048K), 2 survivors (2048K)
 Metaspace       used 90335K, capacity 92947K, committed 93772K, reserved 1130496K
  class space    used 11837K, capacity 12743K, committed 13132K, reserved 1048576K
}
Event: 2382.216 GC heap before
{Heap before GC invocations=61 (full 0):
 garbage-first heap   total 131072K, used 102776K [0x00000000a0000000, 0x0000000100000000)
  region size 1024K, 19 young (19456K), 2 survivors (2048K)
 Metaspace       used 90416K, capacity 93105K, committed 93772K, reserved 1130496K
  class space    used 11858K, capacity 12796K, committed 13132K, reserved 1048576K
}
Event: 2382.221 GC heap after
{Heap after GC invocations=62 (full 0):
 garbage-first heap   total 131072K, used 86787K [0x00000000a0000000, 0x0000000100000000)
  region size 1024K, 3 young (3072K), 3 survivors (3072K)
 Metaspace       used 90416K, capacity 93105K, committed 93772K, reserved 1130496K
  class space    used 11858K, capacity 12796K, committed 13132K, reserved 1048576K
}
Event: 2382.329 GC heap before
{Heap before GC invocations=63 (full 0):
 garbage-first heap   total 131072K, used 104195K [0x00000000a0000000, 0x0000000100000000)
  region size 1024K, 20 young (20480K), 3 survivors (3072K)
 Metaspace       used 90444K, capacity 93123K, committed 93772K, reserved 1130496K
  class space    used 11861K, capacity 12802K, committed 13132K, reserved 1048576K
}
Event: 2382.334 GC heap after
{Heap after GC invocations=64 (full 0):
 garbage-first heap   total 131072K, used 87585K [0x00000000a0000000, 0x0000000100000000)
  region size 1024K, 3 young (3072K), 3 survivors (3072K)
 Metaspace       used 90444K, capacity 93123K, committed 93772K, reserved 1130496K
  class space    used 11861K, capacity 12802K, committed 13132K, reserved 1048576K
}
Event: 2382.360 GC heap before
{Heap before GC invocations=64 (full 0):
 garbage-first heap   total 131072K, used 90657K [0x00000000a0000000, 0x0000000100000000)
  region size 1024K, 6 young (6144K), 3 survivors (3072K)
 Metaspace       used 90444K, capacity 93123K, committed 93772K, reserved 1130496K
  class space    used 11861K, capacity 12802K, committed 13132K, reserved 1048576K
}
Event: 2382.365 GC heap after
{Heap after GC invocations=65 (full 0):
 garbage-first heap   total 131072K, used 86636K [0x00000000a0000000, 0x0000000100000000)
  region size 1024K, 1 young (1024K), 1 survivors (1024K)
 Metaspace       used 90444K, capacity 93123K, committed 93772K, reserved 1130496K
  class space    used 11861K, capacity 12802K, committed 13132K, reserved 1048576K
}
Event: 2382.452 GC heap before
{Heap before GC invocations=65 (full 0):
 garbage-first heap   total 131072K, used 105068K [0x00000000a0000000, 0x0000000100000000)
  region size 1024K, 19 young (19456K), 1 survivors (1024K)
 Metaspace       used 90481K, capacity 93167K, committed 93772K, reserved 1130496K
  class space    used 11872K, capacity 12817K, committed 13132K, reserved 1048576K
}
Event: 2382.456 GC heap after
{Heap after GC invocations=66 (full 0):
 garbage-first heap   total 131072K, used 87285K [0x00000000a0000000, 0x0000000100000000)
  region size 1024K, 2 young (2048K), 2 survivors (2048K)
 Metaspace       used 90481K, capacity 93167K, committed 93772K, reserved 1130496K
  class space    used 11872K, capacity 12817K, committed 13132K, reserved 1048576K
}
Event: 2382.661 GC heap before
{Heap before GC invocations=67 (full 0):
 garbage-first heap   total 131072K, used 105717K [0x00000000a0000000, 0x0000000100000000)
  region size 1024K, 20 young (20480K), 2 survivors (2048K)
 Metaspace       used 90539K, capacity 93259K, committed 94028K, reserved 1130496K
  class space    used 11876K, capacity 12824K, committed 13132K, reserved 1048576K
}
Event: 2382.665 GC heap after
{Heap after GC invocations=68 (full 0):
 garbage-first heap   total 131072K, used 89327K [0x00000000a0000000, 0x0000000100000000)
  region size 1024K, 3 young (3072K), 3 survivors (3072K)
 Metaspace       used 90539K, capacity 93259K, committed 94028K, reserved 1130496K
  class space    used 11876K, capacity 12824K, committed 13132K, reserved 1048576K
}
Event: 2382.767 GC heap before
{Heap before GC invocations=68 (full 0):
 garbage-first heap   total 131072K, used 107759K [0x00000000a0000000, 0x0000000100000000)
  region size 1024K, 21 young (21504K), 3 survivors (3072K)
 Metaspace       used 90565K, capacity 93269K, committed 94028K, reserved 1130496K
  class space    used 11883K, capacity 12830K, committed 13132K, reserved 1048576K
}
Event: 2382.777 GC heap after
{Heap after GC invocations=69 (full 0):
 garbage-first heap   total 131072K, used 90587K [0x00000000a0000000, 0x0000000100000000)
  region size 1024K, 2 young (2048K), 2 survivors (2048K)
 Metaspace       used 90565K, capacity 93269K, committed 94028K, reserved 1130496K
  class space    used 11883K, capacity 12830K, committed 13132K, reserved 1048576K
}
Event: 2382.924 GC heap before
{Heap before GC invocations=69 (full 0):
 garbage-first heap   total 131072K, used 107995K [0x00000000a0000000, 0x0000000100000000)
  region size 1024K, 19 young (19456K), 2 survivors (2048K)
 Metaspace       used 90612K, capacity 93321K, committed 94028K, reserved 1130496K
  class space    used 11889K, capacity 12867K, committed 13132K, reserved 1048576K
}
Event: 2382.929 GC heap after
{Heap after GC invocations=70 (full 0):
 garbage-first heap   total 165888K, used 91461K [0x00000000a0000000, 0x0000000100000000)
  region size 1024K, 3 young (3072K), 3 survivors (3072K)
 Metaspace       used 90612K, capacity 93321K, committed 94028K, reserved 1130496K
  class space    used 11889K, capacity 12867K, committed 13132K, reserved 1048576K
}
Event: 2383.333 GC heap before
{Heap before GC invocations=71 (full 0):
 garbage-first heap   total 165888K, used 121157K [0x00000000a0000000, 0x0000000100000000)
  region size 1024K, 32 young (32768K), 3 survivors (3072K)
 Metaspace       used 90825K, capacity 93625K, committed 94028K, reserved 1130496K
  class space    used 11904K, capacity 12891K, committed 13132K, reserved 1048576K
}
Event: 2383.340 GC heap after
{Heap after GC invocations=72 (full 0):
 garbage-first heap   total 165888K, used 94679K [0x00000000a0000000, 0x0000000100000000)
  region size 1024K, 4 young (4096K), 4 survivors (4096K)
 Metaspace       used 90825K, capacity 93625K, committed 94028K, reserved 1130496K
  class space    used 11904K, capacity 12891K, committed 13132K, reserved 1048576K
}
Event: 2383.796 GC heap before
{Heap before GC invocations=72 (full 0):
 garbage-first heap   total 165888K, used 124375K [0x00000000a0000000, 0x0000000100000000)
  region size 1024K, 34 young (34816K), 4 survivors (4096K)
 Metaspace       used 91109K, capacity 93823K, committed 94284K, reserved 1130496K
  class space    used 11919K, capacity 12916K, committed 13132K, reserved 1048576K
}
Event: 2383.810 GC heap after
{Heap after GC invocations=73 (full 0):
 garbage-first heap   total 165888K, used 99901K [0x00000000a0000000, 0x0000000100000000)
  region size 1024K, 5 young (5120K), 5 survivors (5120K)
 Metaspace       used 91109K, capacity 93823K, committed 94284K, reserved 1130496K
  class space    used 11919K, capacity 12916K, committed 13132K, reserved 1048576K
}

Deoptimization events (20 events):
Event: 2383.785 Thread 0x000001f229091000 DEOPT PACKING pc=0x000001f210cf4d05 sp=0x000000c7867fc300
Event: 2383.785 Thread 0x000001f229091000 DEOPT UNPACKING pc=0x000001f20f1ca95e sp=0x000000c7867fb848 mode 0
Event: 2383.787 Thread 0x000001f229091000 DEOPT PACKING pc=0x000001f210cf4d05 sp=0x000000c7867fc300
Event: 2383.787 Thread 0x000001f229091000 DEOPT UNPACKING pc=0x000001f20f1ca95e sp=0x000000c7867fb848 mode 0
Event: 2383.787 Thread 0x000001f229091000 DEOPT PACKING pc=0x000001f210cf4d05 sp=0x000000c7867fc300
Event: 2383.787 Thread 0x000001f229091000 DEOPT UNPACKING pc=0x000001f20f1ca95e sp=0x000000c7867fb848 mode 0
Event: 2383.787 Thread 0x000001f229091000 DEOPT PACKING pc=0x000001f210cf4d05 sp=0x000000c7867fc300
Event: 2383.787 Thread 0x000001f229091000 DEOPT UNPACKING pc=0x000001f20f1ca95e sp=0x000000c7867fb848 mode 0
Event: 2383.787 Thread 0x000001f229091000 DEOPT PACKING pc=0x000001f2108d7270 sp=0x000000c7867fc240
Event: 2383.787 Thread 0x000001f229091000 DEOPT UNPACKING pc=0x000001f20f1ca95e sp=0x000000c7867fb750 mode 0
Event: 2383.788 Thread 0x000001f229091000 DEOPT PACKING pc=0x000001f210cf4c5d sp=0x000000c7867fc300
Event: 2383.788 Thread 0x000001f229091000 DEOPT UNPACKING pc=0x000001f20f1ca95e sp=0x000000c7867fb848 mode 0
Event: 2383.788 Thread 0x000001f229091000 DEOPT PACKING pc=0x000001f2108d7270 sp=0x000000c7867fc240
Event: 2383.788 Thread 0x000001f229091000 DEOPT UNPACKING pc=0x000001f20f1ca95e sp=0x000000c7867fb750 mode 0
Event: 2383.844 Thread 0x000001f229091000 DEOPT PACKING pc=0x000001f210cf4c5d sp=0x000000c7867f8a00
Event: 2383.844 Thread 0x000001f229091000 DEOPT UNPACKING pc=0x000001f20f1ca95e sp=0x000000c7867f7f48 mode 0
Event: 2389.549 Thread 0x000001f227dec000 DEOPT PACKING pc=0x000001f21093bf47 sp=0x000000c7870fe4e0
Event: 2389.549 Thread 0x000001f227dec000 DEOPT UNPACKING pc=0x000001f20f1ca95e sp=0x000000c7870fda40 mode 0
Event: 2389.563 Thread 0x000001f227dec000 DEOPT PACKING pc=0x000001f21093bf47 sp=0x000000c7870fe4e0
Event: 2389.563 Thread 0x000001f227dec000 DEOPT UNPACKING pc=0x000001f20f1ca95e sp=0x000000c7870fda40 mode 0

Classes redefined (0 events):
No events

Internal exceptions (20 events):
Event: 61.645 Thread 0x000001f226ca5000 Exception <a 'java/lang/NoSuchMethodError'{0x00000000a778ef40}: <clinit>> (0x00000000a778ef40) thrown at [./src/hotspot/share/prims/jni.cpp, line 1365]
Event: 61.647 Thread 0x000001f226ca5000 Exception <a 'java/lang/NoSuchMethodError'{0x00000000a77a1590}: <clinit>> (0x00000000a77a1590) thrown at [./src/hotspot/share/prims/jni.cpp, line 1365]
Event: 61.649 Thread 0x000001f226ca5000 Exception <a 'java/lang/NoSuchMethodError'{0x00000000a77ada38}: <clinit>> (0x00000000a77ada38) thrown at [./src/hotspot/share/prims/jni.cpp, line 1365]
Event: 68.997 Thread 0x000001f226c15000 Implicit null exception at 0x000001f216fbaa94 to 0x000001f216fbb088
Event: 68.997 Thread 0x000001f226c15000 Implicit null exception at 0x000001f216fb9f14 to 0x000001f216fba4d8
Event: 2228.572 Thread 0x000001f226c15000 Implicit null exception at 0x000001f216de4027 to 0x000001f216de41a8
Event: 2377.990 Thread 0x000001f22963f000 Implicit null exception at 0x000001f217178c1d to 0x000001f21717fcc8
Event: 2378.045 Thread 0x000001f22963f000 Implicit null exception at 0x000001f216e0bccf to 0x000001f216e0c06c
Event: 2378.597 Thread 0x000001f22963f000 Implicit null exception at 0x000001f2171021c4 to 0x000001f217105ba8
Event: 2378.956 Thread 0x000001f22963f000 Implicit null exception at 0x000001f21703569b to 0x000001f217035764
Event: 2379.573 Thread 0x000001f22963f000 Implicit null exception at 0x000001f216fc873a to 0x000001f216fc92f8
Event: 2379.744 Thread 0x000001f22963f000 Exception <a 'java/lang/NoSuchMethodError'{0x00000000a7fa2d50}: 'java.lang.Object java.lang.invoke.DelegatingMethodHandle$Holder.reinvoke_L(java.lang.Object, java.lang.Object, java.lang.Object, java.lang.Object, java.lang.Object, java.lang.Object, java.lang.Object, java.lang.Object, java.lang.Object, java.lang.Object, java.lang.Object, java.lang.Object, java.lang.Object, java.lang.Object, java.lang.Object, java.lang.Object, java.lang.Object, java.lang.Object, java.lang.Object, java.lang.Object, java.lang.O
Event: 2379.756 Thread 0x000001f22963f000 Exception <a 'java/lang/NoSuchMethodError'{0x00000000a7e03cf0}: 'java.lang.Object java.lang.invoke.DelegatingMethodHandle$Holder.reinvoke_L(java.lang.Object, java.lang.Object, java.lang.Object, java.lang.Object, java.lang.Object, java.lang.Object, java.lang.Object, java.lang.Object, java.lang.Object, java.lang.Object, java.lang.Object, java.lang.Object, java.lang.Object, java.lang.Object, java.lang.Object, java.lang.Object, java.lang.Object, java.lang.Object, java.lang.Object, java.lang.Object)'> (0x000000
Event: 2381.665 Thread 0x000001f22963f000 Exception <a 'sun/nio/fs/WindowsException'{0x00000000a7ed7c38}> (0x00000000a7ed7c38) thrown at [./src/hotspot/share/prims/jni.cpp, line 615]
Event: 2382.133 Thread 0x000001f22963f000 Exception <a 'java/lang/ClassNotFoundException'{0x00000000a78d95b8}: groovy/runtime/metaclass/[Ljava/lang/String;MetaClass> (0x00000000a78d95b8) thrown at [./src/hotspot/share/prims/jni.cpp, line 636]
Event: 2383.401 Thread 0x000001f22963f000 Exception <a 'sun/nio/fs/WindowsException'{0x00000000a9f8f100}> (0x00000000a9f8f100) thrown at [./src/hotspot/share/prims/jni.cpp, line 615]
Event: 2383.420 Thread 0x000001f22963f000 Exception <a 'sun/nio/fs/WindowsException'{0x00000000a9e35730}> (0x00000000a9e35730) thrown at [./src/hotspot/share/prims/jni.cpp, line 615]
Event: 2383.421 Thread 0x000001f22963f000 Exception <a 'sun/nio/fs/WindowsException'{0x00000000a9e372a0}> (0x00000000a9e372a0) thrown at [./src/hotspot/share/prims/jni.cpp, line 615]
Event: 2383.421 Thread 0x000001f22963f000 Exception <a 'sun/nio/fs/WindowsException'{0x00000000a9e38e60}> (0x00000000a9e38e60) thrown at [./src/hotspot/share/prims/jni.cpp, line 615]
Event: 2383.421 Thread 0x000001f22963f000 Exception <a 'sun/nio/fs/WindowsException'{0x00000000a9e3aa20}> (0x00000000a9e3aa20) thrown at [./src/hotspot/share/prims/jni.cpp, line 615]

Events (20 events):
Event: 2383.821 Executing VM operation: RevokeBias
Event: 2383.821 Executing VM operation: RevokeBias done
Event: 2383.822 Executing VM operation: RevokeBias
Event: 2383.822 Executing VM operation: RevokeBias done
Event: 2383.823 loading class groovy/runtime/metaclass/org/gradle/process/internal/DefaultExecAction_DecoratedMetaClass
Event: 2383.823 loading class groovy/runtime/metaclass/org/gradle/process/internal/DefaultExecAction_DecoratedMetaClass done
Event: 2383.838 loading class groovy/runtime/metaclass/org/gradle/api/logging/LogLevelMetaClass
Event: 2383.838 loading class groovy/runtime/metaclass/org/gradle/api/logging/LogLevelMetaClass done
Event: 2383.839 loading class groovy/runtime/metaclass/org/gradle/internal/logging/services/DefaultLoggingManagerMetaClass
Event: 2383.839 loading class groovy/runtime/metaclass/org/gradle/internal/logging/services/DefaultLoggingManagerMetaClass done
Event: 2383.844 loading class groovy/runtime/metaclass/java/lang/BooleanMetaClass
Event: 2383.844 loading class groovy/runtime/metaclass/java/lang/BooleanMetaClass done
Event: 2383.846 Thread 0x000001f227dea800 Thread added: 0x000001f227dea800
Event: 2383.860 Thread 0x000001f227dec000 Thread added: 0x000001f227dec000
Event: 2383.860 Thread 0x000001f227ded000 Thread added: 0x000001f227ded000
Event: 2383.946 Executing VM operation: CGC_Operation
Event: 2383.954 Executing VM operation: CGC_Operation done
Event: 2384.019 Executing VM operation: CGC_Operation
Event: 2384.019 Executing VM operation: CGC_Operation done
Event: 2389.270 Thread 0x000001f229095000 Thread exited: 0x000001f229095000


Dynamic libraries:
0x00007ff73f4c0000 - 0x00007ff73f4ca000 	D:\Softwares\Android Studio SDK\jre\bin\java.exe
0x00007ffdea790000 - 0x00007ffdea988000 	C:\WINDOWS\SYSTEM32\ntdll.dll
0x00007ffde9ee0000 - 0x00007ffde9f9d000 	C:\WINDOWS\System32\KERNEL32.DLL
0x00007ffde81e0000 - 0x00007ffde84ae000 	C:\WINDOWS\System32\KERNELBASE.dll
0x00007ffde7eb0000 - 0x00007ffde7fb0000 	C:\WINDOWS\System32\ucrtbase.dll
0x00007ffde3d20000 - 0x00007ffde3d39000 	D:\Softwares\Android Studio SDK\jre\bin\jli.dll
0x00007ffda8870000 - 0x00007ffda8887000 	D:\Softwares\Android Studio SDK\jre\bin\VCRUNTIME140.dll
0x00007ffde8800000 - 0x00007ffde89a0000 	C:\WINDOWS\System32\USER32.dll
0x00007ffde7fb0000 - 0x00007ffde7fd2000 	C:\WINDOWS\System32\win32u.dll
0x00007ffde9970000 - 0x00007ffde999a000 	C:\WINDOWS\System32\GDI32.dll
0x00007ffde86e0000 - 0x00007ffde87eb000 	C:\WINDOWS\System32\gdi32full.dll
0x00007ffdddc10000 - 0x00007ffdddeaa000 	C:\WINDOWS\WinSxS\amd64_microsoft.windows.common-controls_6595b64144ccf1df_6.0.19041.1110_none_60b5254171f9507e\COMCTL32.dll
0x00007ffde8590000 - 0x00007ffde862d000 	C:\WINDOWS\System32\msvcp_win.dll
0x00007ffdea050000 - 0x00007ffdea0ee000 	C:\WINDOWS\System32\msvcrt.dll
0x00007ffde99a0000 - 0x00007ffde99d0000 	C:\WINDOWS\System32\IMM32.DLL
0x00007ffd53d10000 - 0x00007ffd53dad000 	D:\Softwares\Android Studio SDK\jre\bin\msvcp140.dll
0x00007ffd6e810000 - 0x00007ffd6f2f5000 	D:\Softwares\Android Studio SDK\jre\bin\server\jvm.dll
0x00007ffdea500000 - 0x00007ffdea5ae000 	C:\WINDOWS\System32\ADVAPI32.dll
0x00007ffde92d0000 - 0x00007ffde936c000 	C:\WINDOWS\System32\sechost.dll
0x00007ffdea2f0000 - 0x00007ffdea415000 	C:\WINDOWS\System32\RPCRT4.dll
0x00007ffde97e0000 - 0x00007ffde97e8000 	C:\WINDOWS\System32\PSAPI.DLL
0x00007ffdddeb0000 - 0x00007ffddded7000 	C:\WINDOWS\SYSTEM32\WINMM.dll
0x00007ffde0bd0000 - 0x00007ffde0bda000 	C:\WINDOWS\SYSTEM32\VERSION.dll
0x00007ffdc7ba0000 - 0x00007ffdc7ba9000 	C:\WINDOWS\SYSTEM32\WSOCK32.dll
0x00007ffde9900000 - 0x00007ffde996b000 	C:\WINDOWS\System32\WS2_32.dll
0x00007ffde5db0000 - 0x00007ffde5dc2000 	C:\WINDOWS\SYSTEM32\kernel.appcore.dll
0x00007ffdc6740000 - 0x00007ffdc6751000 	D:\Softwares\Android Studio SDK\jre\bin\verify.dll
0x00007ffdd8b00000 - 0x00007ffdd8ce4000 	C:\WINDOWS\SYSTEM32\DBGHELP.DLL
0x00007ffdd95f0000 - 0x00007ffdd961c000 	C:\WINDOWS\SYSTEM32\dbgcore.DLL
0x00007ffde84b0000 - 0x00007ffde8532000 	C:\WINDOWS\System32\bcryptPrimitives.dll
0x00007ffdbc9c0000 - 0x00007ffdbc9e9000 	D:\Softwares\Android Studio SDK\jre\bin\java.dll
0x00007ffdbf940000 - 0x00007ffdbf94b000 	D:\Softwares\Android Studio SDK\jre\bin\jimage.dll
0x00007ffdbc7e0000 - 0x00007ffdbc7f8000 	D:\Softwares\Android Studio SDK\jre\bin\zip.dll
0x00007ffde89a0000 - 0x00007ffde90e4000 	C:\WINDOWS\System32\SHELL32.dll
0x00007ffde5fb0000 - 0x00007ffde6744000 	C:\WINDOWS\SYSTEM32\windows.storage.dll
0x00007ffde99d0000 - 0x00007ffde9d24000 	C:\WINDOWS\System32\combase.dll
0x00007ffde7910000 - 0x00007ffde7940000 	C:\WINDOWS\SYSTEM32\Wldp.dll
0x00007ffde9fa0000 - 0x00007ffdea04d000 	C:\WINDOWS\System32\SHCORE.dll
0x00007ffdea6f0000 - 0x00007ffdea745000 	C:\WINDOWS\System32\shlwapi.dll
0x00007ffde7df0000 - 0x00007ffde7e0f000 	C:\WINDOWS\SYSTEM32\profapi.dll
0x00007ffdb88e0000 - 0x00007ffdb88fa000 	D:\Softwares\Android Studio SDK\jre\bin\net.dll
0x00007ffddabb0000 - 0x00007ffddacba000 	C:\WINDOWS\SYSTEM32\WINHTTP.dll
0x00007ffde7670000 - 0x00007ffde76da000 	C:\WINDOWS\system32\mswsock.dll
0x00007ffd9a320000 - 0x00007ffd9a334000 	D:\Softwares\Android Studio SDK\jre\bin\nio.dll
0x00007ffda3ea0000 - 0x00007ffda3ec7000 	C:\Users\ahmed\.gradle\native\e1d6ef7f7dcc3fd88c89a11ec53ec762bb8ba0a96d01ffa2cd45eb1d1d8dd5c5\windows-amd64\native-platform.dll
0x00007ffd52e60000 - 0x00007ffd52fa4000 	C:\Users\ahmed\.gradle\native\0d407fdbe67a94daf76414ababcb853783967236a71b16ec16e742cd7a986fd3\windows-amd64\native-platform-file-events.dll
0x00007ffdbf930000 - 0x00007ffdbf93a000 	D:\Softwares\Android Studio SDK\jre\bin\management.dll
0x00007ffdb88d0000 - 0x00007ffdb88dd000 	D:\Softwares\Android Studio SDK\jre\bin\management_ext.dll
0x00007ffde7860000 - 0x00007ffde7878000 	C:\WINDOWS\SYSTEM32\CRYPTSP.dll
0x00007ffde6f80000 - 0x00007ffde6fb4000 	C:\WINDOWS\system32\rsaenh.dll
0x00007ffde81b0000 - 0x00007ffde81d7000 	C:\WINDOWS\System32\bcrypt.dll
0x00007ffde7db0000 - 0x00007ffde7dde000 	C:\WINDOWS\SYSTEM32\USERENV.dll
0x00007ffde7880000 - 0x00007ffde788c000 	C:\WINDOWS\SYSTEM32\CRYPTBASE.dll
0x00007ffde7310000 - 0x00007ffde734b000 	C:\WINDOWS\SYSTEM32\IPHLPAPI.DLL
0x00007ffde87f0000 - 0x00007ffde87f8000 	C:\WINDOWS\System32\NSI.dll
0x00007ffdda3e0000 - 0x00007ffdda3f7000 	C:\WINDOWS\SYSTEM32\dhcpcsvc6.DLL
0x00007ffdde2f0000 - 0x00007ffdde30d000 	C:\WINDOWS\SYSTEM32\dhcpcsvc.DLL
0x00007ffde7360000 - 0x00007ffde742b000 	C:\WINDOWS\SYSTEM32\DNSAPI.dll

dbghelp: loaded successfully - version: 4.0.5 - missing functions: none
symbol engine: initialized successfully - sym options: 0x614 - pdb path: .;D:\Softwares\Android Studio SDK\jre\bin;C:\WINDOWS\SYSTEM32;C:\WINDOWS\WinSxS\amd64_microsoft.windows.common-controls_6595b64144ccf1df_6.0.19041.1110_none_60b5254171f9507e;D:\Softwares\Android Studio SDK\jre\bin\server;C:\Users\ahmed\.gradle\native\e1d6ef7f7dcc3fd88c89a11ec53ec762bb8ba0a96d01ffa2cd45eb1d1d8dd5c5\windows-amd64;C:\Users\ahmed\.gradle\native\0d407fdbe67a94daf76414ababcb853783967236a71b16ec16e742cd7a986fd3\windows-amd64

VM Arguments:
jvm_args: --add-opens=java.base/java.util=ALL-UNNAMED --add-opens=java.base/java.lang=ALL-UNNAMED --add-opens=java.base/java.lang.invoke=ALL-UNNAMED --add-opens=java.base/java.util=ALL-UNNAMED --add-opens=java.prefs/java.util.prefs=ALL-UNNAMED --add-opens=java.prefs/java.util.prefs=ALL-UNNAMED --add-opens=java.base/java.nio.charset=ALL-UNNAMED --add-opens=java.base/java.net=ALL-UNNAMED --add-opens=java.base/java.util.concurrent.atomic=ALL-UNNAMED -Xmx1536M -Dfile.encoding=windows-1252 -Duser.country=US -Duser.language=en -Duser.variant 
java_command: org.gradle.launcher.daemon.bootstrap.GradleDaemon 7.4
java_class_path (initial): C:\Users\ahmed\.gradle\wrapper\dists\gradle-7.4-all\aadb4xli5jkdsnukm30eibyiu\gradle-7.4\lib\gradle-launcher-7.4.jar
Launcher Type: SUN_STANDARD

[Global flags]
     intx CICompilerCount                          = 4                                         {product} {ergonomic}
     uint ConcGCThreads                            = 2                                         {product} {ergonomic}
     uint G1ConcRefinementThreads                  = 8                                         {product} {ergonomic}
   size_t G1HeapRegionSize                         = 1048576                                   {product} {ergonomic}
    uintx GCDrainStackTargetSize                   = 64                                        {product} {ergonomic}
   size_t InitialHeapSize                          = 134217728                                 {product} {ergonomic}
   size_t MarkStackSize                            = 4194304                                   {product} {ergonomic}
   size_t MaxHeapSize                              = 1610612736                                {product} {command line}
   size_t MaxNewSize                               = 965738496                                 {product} {ergonomic}
   size_t MinHeapDeltaBytes                        = 1048576                                   {product} {ergonomic}
    uintx NonNMethodCodeHeapSize                   = 5836300                                {pd product} {ergonomic}
    uintx NonProfiledCodeHeapSize                  = 122910970                              {pd product} {ergonomic}
    uintx ProfiledCodeHeapSize                     = 122910970                              {pd product} {ergonomic}
    uintx ReservedCodeCacheSize                    = 251658240                              {pd product} {ergonomic}
     bool SegmentedCodeCache                       = true                                      {product} {ergonomic}
     bool UseCompressedClassPointers               = true                                 {lp64_product} {ergonomic}
     bool UseCompressedOops                        = true                                 {lp64_product} {ergonomic}
     bool UseG1GC                                  = true                                      {product} {ergonomic}
     bool UseLargePagesIndividualAllocation        = false                                  {pd product} {ergonomic}

Logging:
Log output configuration:
 #0: stdout all=warning uptime,level,tags
 #1: stderr all=off uptime,level,tags

Environment Variables:
JAVA_HOME=D:\Softwares\Android Studio SDK\jre
CLASSPATH=D:\CYBRNODE\Week 2\Password Manager App\pass_gen_app\android\\gradle\wrapper\gradle-wrapper.jar
PATH=C:\WINDOWS\system32;C:\WINDOWS;C:\WINDOWS\System32\Wbem;C:\WINDOWS\System32\WindowsPowerShell\v1.0\;C:\WINDOWS\System32\OpenSSH\;D:\Softwares\Git\cmd;C:\Users\ahmed\AppData\Local\Microsoft\WindowsApps;D:\Softwares\Microsoft VS Code\bin;D:\Flutter\flutter\bin;D:\Softwares\Microsoft VS Code\;C:\Users\ahmed\AppData\Local\GitHubDesktop\bin;D:\Softwares\Android Studio SDK\bin;C:\Users\ahmed\AppData\Local\Android\Sdk\emulator\bin64;D:\Softwares\Android Studio SDK\bin;C:\Users\ahmed\AppData\Local\Android\Sdk\;C:\Users\ahmed\AppData\Local\Android\Sdk\tools\bin;;D:\Flutter\flutter\bin\mingit\cmd
USERNAME=ahmed
OS=Windows_NT
PROCESSOR_IDENTIFIER=Intel64 Family 6 Model 60 Stepping 3, GenuineIntel



---------------  S Y S T E M  ---------------

OS: Windows 10 , 64 bit Build 19041 (10.0.19041.1806)
OS uptime: 0 days 0:57 hours

CPU:total 8 (initial active 8) (4 cores per cpu, 2 threads per core) family 6 model 60 stepping 3 microcode 0x27, cmov, cx8, fxsr, mmx, sse, sse2, sse3, ssse3, sse4.1, sse4.2, popcnt, avx, avx2, aes, clmul, erms, lzcnt, ht, tsc, tscinvbit, bmi1, bmi2, fma

Memory: 4k page, system-wide physical 8123M (460M free)
TotalPageFile size 12988M (AvailPageFile size 408M)
current process WorkingSet (physical memory assigned to process): 325M, peak: 377M
current process commit charge ("private bytes"): 454M, peak: 486M

vm_info: OpenJDK 64-Bit Server VM (11.0.12+7-b1504.28-7817840) for windows-amd64 JRE (11.0.12+7-b1504.28-7817840), built on Oct 13 2021 22:12:33 by "builder" with MS VC++ 14.0 (VS2015)

END.
